<?xml version="1.0" encoding="UTF-8"?>
<robot generator="Robot 4.1.2 (Python 3.7.5 on win32)" generated="20211223 16:30:54.849" rpa="true" schemaversion="2">
<suite id="s1" name="Tasks" source="c:\Users\nikhil.vidhate\Documents\Robots\Level2Robot\tasks.robot">
<test id="s1-t1" name="Order robots from RobotSpareBin Industries Inc">
<kw name="Download orders file csv">
<kw name="Add heading" library="RPA.Dialogs">
<arg>Download the CSV file</arg>
<arg>size=Large</arg>
<doc>Add a centered heading text element</doc>
<status status="PASS" starttime="20211223 16:30:58.716" endtime="20211223 16:30:58.718"/>
</kw>
<kw name="Add text input" library="RPA.Dialogs">
<arg>name=URL</arg>
<arg>label=Enter the URL of the orders CSV file</arg>
<tag>input</tag>
<doc>Add a text input element</doc>
<status status="PASS" starttime="20211223 16:30:58.719" endtime="20211223 16:30:58.721"/>
</kw>
<kw name="Run dialog" library="RPA.Dialogs">
<var>${result}</var>
<arg>title=Input form</arg>
<tag>dialog</tag>
<doc>Create a dialog from all the defined elements and block
until the user has handled it.</doc>
<msg timestamp="20211223 16:30:58.724" level="INFO">Protecting keyword: RPA.Dialogs.Run dialog</msg>
<msg timestamp="20211223 16:31:04.748" level="INFO">Log level changed from NONE to INFO.</msg>
<status status="PASS" starttime="20211223 16:30:58.723" endtime="20211223 16:31:04.743"/>
</kw>
<kw name="Download" library="RPA.HTTP">
<arg>${result.URL}</arg>
<arg>c:\\Users\\nikhil.vidhate\\Documents\\Robots\\Level2Robot${/}output</arg>
<arg>overwrite=True</arg>
<doc>An alias for the ``HTTP Get`` keyword.</doc>
<msg timestamp="20211223 16:31:04.748" level="INFO">Creating a new HTTP session</msg>
<msg timestamp="20211223 16:31:04.748" level="INFO">Creating Session using : alias=rpasession_alias.httpsrobotsparebinindustries.com, url=https://robotsparebinindustries.com, headers={},                     cookies={}, auth=None, timeout=None, proxies=None, verify=True,                     debug=0 </msg>
<msg timestamp="20211223 16:31:05.065" level="INFO">GET Request : url=https://robotsparebinindustries.com/orders.csv 
 path_url=/orders.csv 
 headers={'User-Agent': 'python-requests/2.26.0', 'Accept-Encoding': 'gzip, deflate', 'Accept': '*/*', 'Connection': 'keep-alive'} 
 body=None 
 </msg>
<msg timestamp="20211223 16:31:05.065" level="INFO">GET Response : url=https://robotsparebinindustries.com/orders.csv 
 status=200, reason=OK 
 headers={'Connection': 'keep-alive', 'Content-Length': '199', 'Server': 'GitHub.com', 'Content-Type': 'text/csv; charset=utf-8', 'Last-Modified': 'Fri, 13 Aug 2021 11:27:04 GMT', 'Access-Control-Allow-Origin': '*', 'Strict-Transport-Security': 'max-age=31556952', 'ETag': 'W/"61165708-19c"', 'expires': 'Thu, 23 Dec 2021 09:45:07 GMT', 'Cache-Control': 'max-age=600', 'Content-Encoding': 'gzip', 'x-proxy-cache': 'MISS', 'X-GitHub-Request-Id': 'BFA6:3B5D:4BC898:8D6301:61C442CB', 'Accept-Ranges': 'bytes', 'Date': 'Thu, 23 Dec 2021 11:00:22 GMT', 'Via': '1.1 varnish', 'Age': '271', 'X-Served-By': 'cache-maa10228-MAA', 'X-Cache': 'HIT', 'X-Cache-Hits': '1', 'X-Timer': 'S1640257223.500995,VS0,VE0', 'Vary': 'Accept-Encoding', 'X-Fastly-Request-ID': 'ac9660c3337a3ce719c4d4b4d661455f78538d69'} 
 body=Order number,Head,Body,Legs,Address
1,1,2,3,Address 123
2,4,1,5,Address 456
3,6,2,3,Address 789
4,2,3,2,Address 1
5,3,5,1,Address 2
6,1,6,6,Address 3
7,5,1,5,Address 4
8,2,3,3,Address 5
9,3,2,2,Address 6
10,4,4,2,Address 7
11,6,6,1,Address 8
12,1,3,3,Address 9
13,1,5,4,Address A
14,3,1,5,Address B
15,3,2,6,Address C
16,6,3,6,Address D
17,5,4,1,Address E
18,2,5,1,Address F
19,4,6,2,Address G
20,1,1,5,Address H 
 </msg>
<status status="PASS" starttime="20211223 16:31:04.748" endtime="20211223 16:31:05.065"/>
</kw>
<status status="PASS" starttime="20211223 16:30:58.713" endtime="20211223 16:31:05.081"/>
</kw>
<kw name="Open the Robot order website">
<kw name="Open Available Browser" library="RPA.Browser.Selenium">
<arg>https://robotsparebinindustries.com</arg>
<arg>maximized=True</arg>
<doc>Attempts to open a browser on the user's device from a set of
supported browsers. Automatically downloads a corresponding webdriver
if none is already installed.</doc>
<msg timestamp="20211223 16:31:05.088" level="INFO">Creating an instance of the Chrome WebDriver.</msg>
<msg timestamp="20211223 16:31:05.124" level="INFO">Created download root directory: C:\Users\nikhil.vidhate\AppData\Local\robocorp\webdrivers</msg>
<msg timestamp="20211223 16:31:05.124" level="INFO">Created symlink directory: C:\Users\nikhil.vidhate\AppData\Local\robocorp\webdrivers</msg>
<msg timestamp="20211223 16:31:05.126" level="INFO">Creating an instance of the Chrome WebDriver.</msg>
<msg timestamp="20211223 16:31:06.985" level="INFO">Created Chrome browser with arguments: --start-maximized --disable-dev-shm-usage --disable-web-security --allow-running-insecure-content --no-sandbox</msg>
<msg timestamp="20211223 16:31:06.986" level="INFO" html="true">&lt;p&gt;Attempted combinations:&lt;/p&gt;&lt;div class="doc"&gt;&lt;table&gt;&lt;tr&gt;&lt;th&gt;Browser&lt;/th&gt;&lt;th&gt;Download&lt;/th&gt;&lt;th&gt;Error&lt;/th&gt;&lt;/tr&gt;&lt;tr&gt;&lt;td&gt;Chrome&lt;/td&gt;&lt;td&gt;False&lt;/td&gt;&lt;td&gt;Message: 'chromedriver' executable needs to be in PATH. Please see https://sites.google.com/a/chromium.org/chromedriver/home
&lt;/td&gt;&lt;/tr&gt;&lt;tr&gt;&lt;td&gt;Chrome&lt;/td&gt;&lt;td&gt;True&lt;/td&gt;&lt;td&gt;&lt;/td&gt;&lt;/tr&gt;&lt;/table&gt;&lt;/div&gt;</msg>
<msg timestamp="20211223 16:31:06.986" level="INFO">Opening url 'https://robotsparebinindustries.com'</msg>
<status status="PASS" starttime="20211223 16:31:05.086" endtime="20211223 16:31:08.469"/>
</kw>
<status status="PASS" starttime="20211223 16:31:05.081" endtime="20211223 16:31:08.471"/>
</kw>
<kw name="Log In">
<kw name="Get Secret" library="RPA.Robocorp.Vault">
<var>${secret}</var>
<arg>credentials</arg>
<doc>Read a secret from the configured source, e.g. Robocorp Vault,
and return it as a ``Secret`` object.</doc>
<msg timestamp="20211223 16:31:08.476" level="INFO">Protecting keyword: RPA.Robocorp.Vault.Get Secret</msg>
<msg timestamp="20211223 16:31:08.481" level="INFO">Log level changed from NONE to INFO.</msg>
<status status="PASS" starttime="20211223 16:31:08.475" endtime="20211223 16:31:08.480"/>
</kw>
<kw name="Input Text" library="RPA.Browser.Selenium">
<arg>username</arg>
<arg>${secret}[username]</arg>
<doc>Types the given ``text`` into the text field identified by ``locator``.</doc>
<msg timestamp="20211223 16:31:08.484" level="INFO">Typing text 'maria' into text field 'username'.</msg>
<status status="PASS" starttime="20211223 16:31:08.482" endtime="20211223 16:31:08.565"/>
</kw>
<kw name="Input Password" library="RPA.Browser.Selenium">
<arg>password</arg>
<arg>${secret}[password]</arg>
<doc>Types the given password into the text field identified by ``locator``.</doc>
<msg timestamp="20211223 16:31:08.569" level="INFO">Typing password into text field 'password'.</msg>
<msg timestamp="20211223 16:31:08.613" level="INFO">Temporally setting log level to: NONE</msg>
<msg timestamp="20211223 16:31:08.663" level="INFO">Log level changed from NONE to INFO.</msg>
<status status="PASS" starttime="20211223 16:31:08.567" endtime="20211223 16:31:08.663"/>
</kw>
<kw name="Submit Form" library="RPA.Browser.Selenium">
<doc>Submits a form identified by ``locator``.</doc>
<msg timestamp="20211223 16:31:08.666" level="INFO">Submitting form 'None'.</msg>
<status status="PASS" starttime="20211223 16:31:08.664" endtime="20211223 16:31:08.698"/>
</kw>
<status status="PASS" starttime="20211223 16:31:08.473" endtime="20211223 16:31:08.700"/>
</kw>
<kw name="Navigate to order robot tab">
<kw name="Click Element" library="RPA.Browser.Selenium">
<arg>//html/body/div/header/div/ul/li[2]/a</arg>
<doc>Click the element identified by ``locator``.</doc>
<msg timestamp="20211223 16:31:08.705" level="INFO">Clicking element '//html/body/div/header/div/ul/li[2]/a'.</msg>
<status status="PASS" starttime="20211223 16:31:08.703" endtime="20211223 16:31:08.765"/>
</kw>
<kw name="Click Button" library="RPA.Browser.Selenium">
<arg>OK</arg>
<doc>Clicks the button identified by ``locator``.</doc>
<msg timestamp="20211223 16:31:08.769" level="INFO">Clicking button 'OK'.</msg>
<status status="PASS" starttime="20211223 16:31:08.767" endtime="20211223 16:31:08.830"/>
</kw>
<status status="PASS" starttime="20211223 16:31:08.701" endtime="20211223 16:31:08.832"/>
</kw>
<kw name="Fill and submit form for multiple orders">
<kw name="Read table from CSV" library="RPA.Tables">
<var>${orders}</var>
<arg>path=c:\\Users\\nikhil.vidhate\\Documents\\Robots\\Level2Robot${/}output${/}orders.csv</arg>
<arg>header=True</arg>
<doc>Read a CSV file as a table.</doc>
<msg timestamp="20211223 16:31:08.850" level="INFO">${orders} = Table(columns=['Order number', 'Head', 'Body', 'Legs', 'Address'], rows=20)</msg>
<status status="PASS" starttime="20211223 16:31:08.835" endtime="20211223 16:31:08.850"/>
</kw>
<for flavor="IN">
<var>${orders}</var>
<value>@{orders}</value>
<iter>
<var name="${orders}">{'Order number': '1', 'Head': '1', 'Body': '2', 'Legs': '3', 'Address': 'Address 123'}</var>
<kw name="Fill and submit the form for one order">
<arg>${orders}</arg>
<kw name="Convert To String" library="BuiltIn">
<var>${strHead}</var>
<arg>${orders}[Head]</arg>
<doc>Converts the given item to a Unicode string.</doc>
<msg timestamp="20211223 16:31:08.860" level="INFO">${strHead} = 1</msg>
<status status="PASS" starttime="20211223 16:31:08.857" endtime="20211223 16:31:08.860"/>
</kw>
<kw name="Convert To String" library="BuiltIn">
<var>${strBody}</var>
<arg>${orders}[Body]</arg>
<doc>Converts the given item to a Unicode string.</doc>
<msg timestamp="20211223 16:31:08.863" level="INFO">${strBody} = 2</msg>
<status status="PASS" starttime="20211223 16:31:08.861" endtime="20211223 16:31:08.863"/>
</kw>
<kw name="Select From List By Value" library="RPA.Browser.Selenium">
<arg>head</arg>
<arg>${strHead}</arg>
<doc>Selects options from selection list ``locator`` by ``values``.</doc>
<msg timestamp="20211223 16:31:08.866" level="INFO">Selecting options from selection list 'head' by value 1.</msg>
<status status="PASS" starttime="20211223 16:31:08.864" endtime="20211223 16:31:08.929"/>
</kw>
<kw name="Select Radio Button" library="RPA.Browser.Selenium">
<arg>body</arg>
<arg>id-body-${strBody}</arg>
<doc>Sets the radio button group ``group_name`` to ``value``.</doc>
<msg timestamp="20211223 16:31:08.932" level="INFO">Selecting 'id-body-2' from radio button 'body'.</msg>
<status status="PASS" starttime="20211223 16:31:08.930" endtime="20211223 16:31:08.984"/>
</kw>
<kw name="Input Text" library="RPA.Browser.Selenium">
<arg>//html/body/div/div/div[1]/div/div[1]/form/div[3]/input</arg>
<arg>${orders}[Legs]</arg>
<doc>Types the given ``text`` into the text field identified by ``locator``.</doc>
<msg timestamp="20211223 16:31:08.988" level="INFO">Typing text '3' into text field '//html/body/div/div/div[1]/div/div[1]/form/div[3]/input'.</msg>
<status status="PASS" starttime="20211223 16:31:08.986" endtime="20211223 16:31:09.066"/>
</kw>
<kw name="Input Text" library="RPA.Browser.Selenium">
<arg>address</arg>
<arg>${orders}[Address]</arg>
<doc>Types the given ``text`` into the text field identified by ``locator``.</doc>
<msg timestamp="20211223 16:31:09.070" level="INFO">Typing text 'Address 123' into text field 'address'.</msg>
<status status="PASS" starttime="20211223 16:31:09.068" endtime="20211223 16:31:09.164"/>
</kw>
<kw name="Click Button" library="RPA.Browser.Selenium">
<arg>Preview</arg>
<doc>Clicks the button identified by ``locator``.</doc>
<msg timestamp="20211223 16:31:09.166" level="INFO">Clicking button 'Preview'.</msg>
<status status="PASS" starttime="20211223 16:31:09.165" endtime="20211223 16:31:09.227"/>
</kw>
<kw name="Click Button" library="RPA.Browser.Selenium">
<arg>Order</arg>
<doc>Clicks the button identified by ``locator``.</doc>
<msg timestamp="20211223 16:31:09.231" level="INFO">Clicking button 'Order'.</msg>
<status status="PASS" starttime="20211223 16:31:09.230" endtime="20211223 16:31:09.289"/>
</kw>
<kw name="Check if receipt exists">
<kw name="Does Page Contain Element" library="RPA.Browser.Selenium">
<var>${receiptSelector}</var>
<arg>receipt</arg>
<arg>count=${1}</arg>
<doc>Does page contain expected element</doc>
<msg timestamp="20211223 16:31:09.313" level="INFO" html="true">Ran with keyword &lt;b&gt;Page Should Contain Element&lt;/b&gt; which returned error: &lt;i&gt;Page should have contained "1" element(s), but it did contain "0" element(s).&lt;/i&gt;</msg>
<msg timestamp="20211223 16:31:09.314" level="INFO">${receiptSelector} = False</msg>
<status status="PASS" starttime="20211223 16:31:09.292" endtime="20211223 16:31:09.314"/>
</kw>
<if>
<branch type="IF" condition="${receiptSelector} == True">
<kw name="Log" library="BuiltIn">
<arg>True</arg>
<doc>Logs the given message with the given level.</doc>
<status status="NOT RUN" starttime="20211223 16:31:09.317" endtime="20211223 16:31:09.317"/>
</kw>
<status status="NOT RUN" starttime="20211223 16:31:09.316" endtime="20211223 16:31:09.318"/>
</branch>
<branch type="ELSE">
<kw name="Click Button" library="RPA.Browser.Selenium">
<arg>order</arg>
<doc>Clicks the button identified by ``locator``.</doc>
<msg timestamp="20211223 16:31:09.322" level="INFO">Clicking button 'order'.</msg>
<status status="PASS" starttime="20211223 16:31:09.320" endtime="20211223 16:31:09.369"/>
</kw>
<kw name="Check if receipt exists">
<kw name="Does Page Contain Element" library="RPA.Browser.Selenium">
<var>${receiptSelector}</var>
<arg>receipt</arg>
<arg>count=${1}</arg>
<doc>Does page contain expected element</doc>
<msg timestamp="20211223 16:31:09.389" level="INFO" html="true">Ran with keyword &lt;b&gt;Page Should Contain Element&lt;/b&gt; which returned error: &lt;i&gt;Page should have contained "1" element(s), but it did contain "0" element(s).&lt;/i&gt;</msg>
<msg timestamp="20211223 16:31:09.390" level="INFO">${receiptSelector} = False</msg>
<status status="PASS" starttime="20211223 16:31:09.373" endtime="20211223 16:31:09.390"/>
</kw>
<if>
<branch type="IF" condition="${receiptSelector} == True">
<kw name="Log" library="BuiltIn">
<arg>True</arg>
<doc>Logs the given message with the given level.</doc>
<status status="NOT RUN" starttime="20211223 16:31:09.395" endtime="20211223 16:31:09.396"/>
</kw>
<status status="NOT RUN" starttime="20211223 16:31:09.393" endtime="20211223 16:31:09.397"/>
</branch>
<branch type="ELSE">
<kw name="Click Button" library="RPA.Browser.Selenium">
<arg>order</arg>
<doc>Clicks the button identified by ``locator``.</doc>
<msg timestamp="20211223 16:31:09.403" level="INFO">Clicking button 'order'.</msg>
<status status="PASS" starttime="20211223 16:31:09.401" endtime="20211223 16:31:09.445"/>
</kw>
<kw name="Check if receipt exists">
<kw name="Does Page Contain Element" library="RPA.Browser.Selenium">
<var>${receiptSelector}</var>
<arg>receipt</arg>
<arg>count=${1}</arg>
<doc>Does page contain expected element</doc>
<msg timestamp="20211223 16:31:09.460" level="INFO">Current page contains 1 element(s).</msg>
<msg timestamp="20211223 16:31:09.461" level="INFO">${receiptSelector} = True</msg>
<status status="PASS" starttime="20211223 16:31:09.449" endtime="20211223 16:31:09.461"/>
</kw>
<if>
<branch type="IF" condition="${receiptSelector} == True">
<kw name="Log" library="BuiltIn">
<arg>True</arg>
<doc>Logs the given message with the given level.</doc>
<msg timestamp="20211223 16:31:09.466" level="INFO">True</msg>
<status status="PASS" starttime="20211223 16:31:09.465" endtime="20211223 16:31:09.467"/>
</kw>
<status status="PASS" starttime="20211223 16:31:09.463" endtime="20211223 16:31:09.468"/>
</branch>
<branch type="ELSE">
<kw name="Click Button" library="RPA.Browser.Selenium">
<arg>order</arg>
<doc>Clicks the button identified by ``locator``.</doc>
<status status="NOT RUN" starttime="20211223 16:31:09.471" endtime="20211223 16:31:09.472"/>
</kw>
<kw name="Check if receipt exists">
<status status="NOT RUN" starttime="20211223 16:31:09.473" endtime="20211223 16:31:09.474"/>
</kw>
<kw name="Log" library="BuiltIn">
<arg>Else</arg>
<doc>Logs the given message with the given level.</doc>
<status status="NOT RUN" starttime="20211223 16:31:09.477" endtime="20211223 16:31:09.479"/>
</kw>
<status status="NOT RUN" starttime="20211223 16:31:09.469" endtime="20211223 16:31:09.480"/>
</branch>
<status status="PASS" starttime="20211223 16:31:09.462" endtime="20211223 16:31:09.481"/>
</if>
<status status="PASS" starttime="20211223 16:31:09.447" endtime="20211223 16:31:09.483"/>
</kw>
<kw name="Log" library="BuiltIn">
<arg>Else</arg>
<doc>Logs the given message with the given level.</doc>
<msg timestamp="20211223 16:31:09.485" level="INFO">Else</msg>
<status status="PASS" starttime="20211223 16:31:09.484" endtime="20211223 16:31:09.485"/>
</kw>
<status status="PASS" starttime="20211223 16:31:09.398" endtime="20211223 16:31:09.486"/>
</branch>
<status status="PASS" starttime="20211223 16:31:09.391" endtime="20211223 16:31:09.487"/>
</if>
<status status="PASS" starttime="20211223 16:31:09.371" endtime="20211223 16:31:09.488"/>
</kw>
<kw name="Log" library="BuiltIn">
<arg>Else</arg>
<doc>Logs the given message with the given level.</doc>
<msg timestamp="20211223 16:31:09.490" level="INFO">Else</msg>
<status status="PASS" starttime="20211223 16:31:09.489" endtime="20211223 16:31:09.490"/>
</kw>
<status status="PASS" starttime="20211223 16:31:09.319" endtime="20211223 16:31:09.491"/>
</branch>
<status status="PASS" starttime="20211223 16:31:09.315" endtime="20211223 16:31:09.492"/>
</if>
<status status="PASS" starttime="20211223 16:31:09.290" endtime="20211223 16:31:09.493"/>
</kw>
<status status="PASS" starttime="20211223 16:31:08.854" endtime="20211223 16:31:09.495"/>
</kw>
<kw name=" Receipt as PDF">
<arg>${orders}</arg>
<kw name="Wait Until Element Is Visible" library="RPA.Browser.Selenium">
<arg>id=receipt</arg>
<doc>Waits until the element ``locator`` is visible.</doc>
<status status="PASS" starttime="20211223 16:31:09.498" endtime="20211223 16:31:09.509"/>
</kw>
<kw name="Get Element Attribute" library="RPA.Browser.Selenium">
<var>${receipt}</var>
<arg>id=receipt</arg>
<arg>outerHTML</arg>
<doc>Returns the value of ``attribute`` from the element ``locator``.</doc>
<msg timestamp="20211223 16:31:09.540" level="INFO">${receipt} = &lt;div id="receipt" class="alert alert-success" role="alert"&gt;&lt;h3&gt;Receipt&lt;/h3&gt;&lt;div&gt;2021-12-23T11:01:09.436Z&lt;/div&gt;&lt;p class="badge badge-success"&gt;RSB-ROBO-ORDER-2M5GUSLY7P&lt;/p&gt;&lt;p&gt;Address 123&lt;/p&gt;&lt;div id="par...</msg>
<status status="PASS" starttime="20211223 16:31:09.524" endtime="20211223 16:31:09.540"/>
</kw>
<kw name="Html To Pdf" library="RPA.PDF">
<arg>${receipt}</arg>
<arg>c:\\Users\\nikhil.vidhate\\Documents\\Robots\\Level2Robot${/}output${/}PDF_Files${/}${orders}[Order number].pdf</arg>
<doc>Generate a PDF file from HTML content.</doc>
<msg timestamp="20211223 16:31:09.540" level="INFO">Writing output to file C:\Users\nikhil.vidhate\Documents\Robots\Level2Robot\output\PDF_Files\1.pdf</msg>
<status status="PASS" starttime="20211223 16:31:09.540" endtime="20211223 16:31:09.749"/>
</kw>
<status status="PASS" starttime="20211223 16:31:09.496" endtime="20211223 16:31:09.749"/>
</kw>
<kw name="Insert robot image into PDF">
<arg>${orders}</arg>
<kw name="Wait Until Element Is Visible" library="RPA.Browser.Selenium">
<arg>id=robot-preview-image</arg>
<arg>timeout=5</arg>
<doc>Waits until the element ``locator`` is visible.</doc>
<status status="PASS" starttime="20211223 16:31:09.749" endtime="20211223 16:31:09.771"/>
</kw>
<kw name="Capture Element Screenshot" library="RPA.Browser.Selenium">
<arg>id=robot-preview-image</arg>
<arg>c:\\Users\\nikhil.vidhate\\Documents\\Robots\\Level2Robot${/}output${/}Robot_image.png</arg>
<doc>Captures a screenshot from the element identified by ``locator`` and embeds it into log file.</doc>
<msg timestamp="20211223 16:31:09.893" level="INFO" html="true">&lt;/td&gt;&lt;/tr&gt;&lt;tr&gt;&lt;td colspan="3"&gt;&lt;a href="file:///C:/Users/nikhil.vidhate/Documents/Robots/Level2Robot/output/Robot_image.png"&gt;&lt;img src="file:///C:/Users/nikhil.vidhate/Documents/Robots/Level2Robot/output/Robot_image.png" width="400px"&gt;&lt;/a&gt;</msg>
<status status="PASS" starttime="20211223 16:31:09.771" endtime="20211223 16:31:09.894"/>
</kw>
<kw name="Create List" library="BuiltIn">
<var>${file}</var>
<arg>c:\\Users\\nikhil.vidhate\\Documents\\Robots\\Level2Robot${/}output${/}Robot_image.png</arg>
<doc>Returns a list containing given items.</doc>
<msg timestamp="20211223 16:31:09.898" level="INFO">${file} = ['c:\\Users\\nikhil.vidhate\\Documents\\Robots\\Level2Robot\\output\\Robot_image.png']</msg>
<status status="PASS" starttime="20211223 16:31:09.895" endtime="20211223 16:31:09.898"/>
</kw>
<kw name="Add Files To Pdf" library="RPA.PDF">
<arg>${file}</arg>
<arg>c:\\Users\\nikhil.vidhate\\Documents\\Robots\\Level2Robot${/}output${/}PDF_Files${/}${orders}[Order number].pdf</arg>
<arg>True</arg>
<doc>Add images and/or pdfs to new PDF document</doc>
<msg timestamp="20211223 16:31:09.907" level="INFO">Adding page: 0</msg>
<msg timestamp="20211223 16:31:09.909" level="INFO">File c:\Users\nikhil.vidhate\Documents\Robots\Level2Robot\output\Robot_image.png type: png</msg>
<msg timestamp="20211223 16:31:09.909" level="INFO">Image parameters: {}</msg>
<status status="PASS" starttime="20211223 16:31:09.899" endtime="20211223 16:31:11.575"/>
</kw>
<status status="PASS" starttime="20211223 16:31:09.749" endtime="20211223 16:31:11.575"/>
</kw>
<kw name="Click Element" library="RPA.Browser.Selenium">
<arg>order-another</arg>
<doc>Click the element identified by ``locator``.</doc>
<msg timestamp="20211223 16:31:11.575" level="INFO">Clicking element 'order-another'.</msg>
<status status="PASS" starttime="20211223 16:31:11.575" endtime="20211223 16:31:11.834"/>
</kw>
<kw name="Click Button" library="RPA.Browser.Selenium">
<arg>OK</arg>
<doc>Clicks the button identified by ``locator``.</doc>
<msg timestamp="20211223 16:31:11.838" level="INFO">Clicking button 'OK'.</msg>
<status status="PASS" starttime="20211223 16:31:11.836" endtime="20211223 16:31:11.901"/>
</kw>
<status status="PASS" starttime="20211223 16:31:08.853" endtime="20211223 16:31:11.903"/>
</iter>
<iter>
<var name="${orders}">{'Order number': '2', 'Head': '4', 'Body': '1', 'Legs': '5', 'Address': 'Address 456'}</var>
<kw name="Fill and submit the form for one order">
<arg>${orders}</arg>
<kw name="Convert To String" library="BuiltIn">
<var>${strHead}</var>
<arg>${orders}[Head]</arg>
<doc>Converts the given item to a Unicode string.</doc>
<msg timestamp="20211223 16:31:11.918" level="INFO">${strHead} = 4</msg>
<status status="PASS" starttime="20211223 16:31:11.916" endtime="20211223 16:31:11.918"/>
</kw>
<kw name="Convert To String" library="BuiltIn">
<var>${strBody}</var>
<arg>${orders}[Body]</arg>
<doc>Converts the given item to a Unicode string.</doc>
<msg timestamp="20211223 16:31:11.922" level="INFO">${strBody} = 1</msg>
<status status="PASS" starttime="20211223 16:31:11.920" endtime="20211223 16:31:11.922"/>
</kw>
<kw name="Select From List By Value" library="RPA.Browser.Selenium">
<arg>head</arg>
<arg>${strHead}</arg>
<doc>Selects options from selection list ``locator`` by ``values``.</doc>
<msg timestamp="20211223 16:31:11.928" level="INFO">Selecting options from selection list 'head' by value 4.</msg>
<status status="PASS" starttime="20211223 16:31:11.924" endtime="20211223 16:31:11.989"/>
</kw>
<kw name="Select Radio Button" library="RPA.Browser.Selenium">
<arg>body</arg>
<arg>id-body-${strBody}</arg>
<doc>Sets the radio button group ``group_name`` to ``value``.</doc>
<msg timestamp="20211223 16:31:11.993" level="INFO">Selecting 'id-body-1' from radio button 'body'.</msg>
<status status="PASS" starttime="20211223 16:31:11.991" endtime="20211223 16:31:12.048"/>
</kw>
<kw name="Input Text" library="RPA.Browser.Selenium">
<arg>//html/body/div/div/div[1]/div/div[1]/form/div[3]/input</arg>
<arg>${orders}[Legs]</arg>
<doc>Types the given ``text`` into the text field identified by ``locator``.</doc>
<msg timestamp="20211223 16:31:12.052" level="INFO">Typing text '5' into text field '//html/body/div/div/div[1]/div/div[1]/form/div[3]/input'.</msg>
<status status="PASS" starttime="20211223 16:31:12.050" endtime="20211223 16:31:12.124"/>
</kw>
<kw name="Input Text" library="RPA.Browser.Selenium">
<arg>address</arg>
<arg>${orders}[Address]</arg>
<doc>Types the given ``text`` into the text field identified by ``locator``.</doc>
<msg timestamp="20211223 16:31:12.129" level="INFO">Typing text 'Address 456' into text field 'address'.</msg>
<status status="PASS" starttime="20211223 16:31:12.127" endtime="20211223 16:31:12.218"/>
</kw>
<kw name="Click Button" library="RPA.Browser.Selenium">
<arg>Preview</arg>
<doc>Clicks the button identified by ``locator``.</doc>
<msg timestamp="20211223 16:31:12.220" level="INFO">Clicking button 'Preview'.</msg>
<status status="PASS" starttime="20211223 16:31:12.219" endtime="20211223 16:31:12.273"/>
</kw>
<kw name="Click Button" library="RPA.Browser.Selenium">
<arg>Order</arg>
<doc>Clicks the button identified by ``locator``.</doc>
<msg timestamp="20211223 16:31:12.277" level="INFO">Clicking button 'Order'.</msg>
<status status="PASS" starttime="20211223 16:31:12.275" endtime="20211223 16:31:12.330"/>
</kw>
<kw name="Check if receipt exists">
<kw name="Does Page Contain Element" library="RPA.Browser.Selenium">
<var>${receiptSelector}</var>
<arg>receipt</arg>
<arg>count=${1}</arg>
<doc>Does page contain expected element</doc>
<msg timestamp="20211223 16:31:12.346" level="INFO">Current page contains 1 element(s).</msg>
<msg timestamp="20211223 16:31:12.346" level="INFO">${receiptSelector} = True</msg>
<status status="PASS" starttime="20211223 16:31:12.334" endtime="20211223 16:31:12.346"/>
</kw>
<if>
<branch type="IF" condition="${receiptSelector} == True">
<kw name="Log" library="BuiltIn">
<arg>True</arg>
<doc>Logs the given message with the given level.</doc>
<msg timestamp="20211223 16:31:12.352" level="INFO">True</msg>
<status status="PASS" starttime="20211223 16:31:12.351" endtime="20211223 16:31:12.353"/>
</kw>
<status status="PASS" starttime="20211223 16:31:12.349" endtime="20211223 16:31:12.353"/>
</branch>
<branch type="ELSE">
<kw name="Click Button" library="RPA.Browser.Selenium">
<arg>order</arg>
<doc>Clicks the button identified by ``locator``.</doc>
<status status="NOT RUN" starttime="20211223 16:31:12.356" endtime="20211223 16:31:12.356"/>
</kw>
<kw name="Check if receipt exists">
<status status="NOT RUN" starttime="20211223 16:31:12.357" endtime="20211223 16:31:12.359"/>
</kw>
<kw name="Log" library="BuiltIn">
<arg>Else</arg>
<doc>Logs the given message with the given level.</doc>
<status status="NOT RUN" starttime="20211223 16:31:12.361" endtime="20211223 16:31:12.362"/>
</kw>
<status status="NOT RUN" starttime="20211223 16:31:12.354" endtime="20211223 16:31:12.363"/>
</branch>
<status status="PASS" starttime="20211223 16:31:12.348" endtime="20211223 16:31:12.364"/>
</if>
<status status="PASS" starttime="20211223 16:31:12.331" endtime="20211223 16:31:12.365"/>
</kw>
<status status="PASS" starttime="20211223 16:31:11.911" endtime="20211223 16:31:12.366"/>
</kw>
<kw name=" Receipt as PDF">
<arg>${orders}</arg>
<kw name="Wait Until Element Is Visible" library="RPA.Browser.Selenium">
<arg>id=receipt</arg>
<doc>Waits until the element ``locator`` is visible.</doc>
<status status="PASS" starttime="20211223 16:31:12.370" endtime="20211223 16:31:12.392"/>
</kw>
<kw name="Get Element Attribute" library="RPA.Browser.Selenium">
<var>${receipt}</var>
<arg>id=receipt</arg>
<arg>outerHTML</arg>
<doc>Returns the value of ``attribute`` from the element ``locator``.</doc>
<msg timestamp="20211223 16:31:12.410" level="INFO">${receipt} = &lt;div id="receipt" class="alert alert-success" role="alert"&gt;&lt;h3&gt;Receipt&lt;/h3&gt;&lt;div&gt;2021-12-23T11:01:12.323Z&lt;/div&gt;&lt;p class="badge badge-success"&gt;RSB-ROBO-ORDER-89YTY9RBEI&lt;/p&gt;&lt;p&gt;Address 456&lt;/p&gt;&lt;div id="par...</msg>
<status status="PASS" starttime="20211223 16:31:12.394" endtime="20211223 16:31:12.410"/>
</kw>
<kw name="Html To Pdf" library="RPA.PDF">
<arg>${receipt}</arg>
<arg>c:\\Users\\nikhil.vidhate\\Documents\\Robots\\Level2Robot${/}output${/}PDF_Files${/}${orders}[Order number].pdf</arg>
<doc>Generate a PDF file from HTML content.</doc>
<msg timestamp="20211223 16:31:12.417" level="INFO">Writing output to file C:\Users\nikhil.vidhate\Documents\Robots\Level2Robot\output\PDF_Files\2.pdf</msg>
<status status="PASS" starttime="20211223 16:31:12.412" endtime="20211223 16:31:12.639"/>
</kw>
<status status="PASS" starttime="20211223 16:31:12.368" endtime="20211223 16:31:12.642"/>
</kw>
<kw name="Insert robot image into PDF">
<arg>${orders}</arg>
<kw name="Wait Until Element Is Visible" library="RPA.Browser.Selenium">
<arg>id=robot-preview-image</arg>
<arg>timeout=5</arg>
<doc>Waits until the element ``locator`` is visible.</doc>
<status status="PASS" starttime="20211223 16:31:12.646" endtime="20211223 16:31:12.666"/>
</kw>
<kw name="Capture Element Screenshot" library="RPA.Browser.Selenium">
<arg>id=robot-preview-image</arg>
<arg>c:\\Users\\nikhil.vidhate\\Documents\\Robots\\Level2Robot${/}output${/}Robot_image.png</arg>
<doc>Captures a screenshot from the element identified by ``locator`` and embeds it into log file.</doc>
<msg timestamp="20211223 16:31:12.774" level="INFO" html="true">&lt;/td&gt;&lt;/tr&gt;&lt;tr&gt;&lt;td colspan="3"&gt;&lt;a href="file:///C:/Users/nikhil.vidhate/Documents/Robots/Level2Robot/output/Robot_image.png"&gt;&lt;img src="file:///C:/Users/nikhil.vidhate/Documents/Robots/Level2Robot/output/Robot_image.png" width="400px"&gt;&lt;/a&gt;</msg>
<status status="PASS" starttime="20211223 16:31:12.668" endtime="20211223 16:31:12.775"/>
</kw>
<kw name="Create List" library="BuiltIn">
<var>${file}</var>
<arg>c:\\Users\\nikhil.vidhate\\Documents\\Robots\\Level2Robot${/}output${/}Robot_image.png</arg>
<doc>Returns a list containing given items.</doc>
<msg timestamp="20211223 16:31:12.783" level="INFO">${file} = ['c:\\Users\\nikhil.vidhate\\Documents\\Robots\\Level2Robot\\output\\Robot_image.png']</msg>
<status status="PASS" starttime="20211223 16:31:12.778" endtime="20211223 16:31:12.783"/>
</kw>
<kw name="Add Files To Pdf" library="RPA.PDF">
<arg>${file}</arg>
<arg>c:\\Users\\nikhil.vidhate\\Documents\\Robots\\Level2Robot${/}output${/}PDF_Files${/}${orders}[Order number].pdf</arg>
<arg>True</arg>
<doc>Add images and/or pdfs to new PDF document</doc>
<msg timestamp="20211223 16:31:12.797" level="INFO">Adding page: 0</msg>
<msg timestamp="20211223 16:31:12.799" level="INFO">File c:\Users\nikhil.vidhate\Documents\Robots\Level2Robot\output\Robot_image.png type: png</msg>
<msg timestamp="20211223 16:31:12.800" level="INFO">Image parameters: {}</msg>
<status status="PASS" starttime="20211223 16:31:12.785" endtime="20211223 16:31:14.070"/>
</kw>
<status status="PASS" starttime="20211223 16:31:12.644" endtime="20211223 16:31:14.079"/>
</kw>
<kw name="Click Element" library="RPA.Browser.Selenium">
<arg>order-another</arg>
<doc>Click the element identified by ``locator``.</doc>
<msg timestamp="20211223 16:31:14.081" level="INFO">Clicking element 'order-another'.</msg>
<status status="PASS" starttime="20211223 16:31:14.081" endtime="20211223 16:31:14.251"/>
</kw>
<kw name="Click Button" library="RPA.Browser.Selenium">
<arg>OK</arg>
<doc>Clicks the button identified by ``locator``.</doc>
<msg timestamp="20211223 16:31:14.255" level="INFO">Clicking button 'OK'.</msg>
<status status="PASS" starttime="20211223 16:31:14.253" endtime="20211223 16:31:14.306"/>
</kw>
<status status="PASS" starttime="20211223 16:31:11.907" endtime="20211223 16:31:14.307"/>
</iter>
<iter>
<var name="${orders}">{'Order number': '3', 'Head': '6', 'Body': '2', 'Legs': '3', 'Address': 'Address 789'}</var>
<kw name="Fill and submit the form for one order">
<arg>${orders}</arg>
<kw name="Convert To String" library="BuiltIn">
<var>${strHead}</var>
<arg>${orders}[Head]</arg>
<doc>Converts the given item to a Unicode string.</doc>
<msg timestamp="20211223 16:31:14.315" level="INFO">${strHead} = 6</msg>
<status status="PASS" starttime="20211223 16:31:14.313" endtime="20211223 16:31:14.315"/>
</kw>
<kw name="Convert To String" library="BuiltIn">
<var>${strBody}</var>
<arg>${orders}[Body]</arg>
<doc>Converts the given item to a Unicode string.</doc>
<msg timestamp="20211223 16:31:14.318" level="INFO">${strBody} = 2</msg>
<status status="PASS" starttime="20211223 16:31:14.316" endtime="20211223 16:31:14.318"/>
</kw>
<kw name="Select From List By Value" library="RPA.Browser.Selenium">
<arg>head</arg>
<arg>${strHead}</arg>
<doc>Selects options from selection list ``locator`` by ``values``.</doc>
<msg timestamp="20211223 16:31:14.321" level="INFO">Selecting options from selection list 'head' by value 6.</msg>
<status status="PASS" starttime="20211223 16:31:14.319" endtime="20211223 16:31:14.379"/>
</kw>
<kw name="Select Radio Button" library="RPA.Browser.Selenium">
<arg>body</arg>
<arg>id-body-${strBody}</arg>
<doc>Sets the radio button group ``group_name`` to ``value``.</doc>
<msg timestamp="20211223 16:31:14.382" level="INFO">Selecting 'id-body-2' from radio button 'body'.</msg>
<status status="PASS" starttime="20211223 16:31:14.381" endtime="20211223 16:31:14.430"/>
</kw>
<kw name="Input Text" library="RPA.Browser.Selenium">
<arg>//html/body/div/div/div[1]/div/div[1]/form/div[3]/input</arg>
<arg>${orders}[Legs]</arg>
<doc>Types the given ``text`` into the text field identified by ``locator``.</doc>
<msg timestamp="20211223 16:31:14.433" level="INFO">Typing text '3' into text field '//html/body/div/div/div[1]/div/div[1]/form/div[3]/input'.</msg>
<status status="PASS" starttime="20211223 16:31:14.431" endtime="20211223 16:31:14.505"/>
</kw>
<kw name="Input Text" library="RPA.Browser.Selenium">
<arg>address</arg>
<arg>${orders}[Address]</arg>
<doc>Types the given ``text`` into the text field identified by ``locator``.</doc>
<msg timestamp="20211223 16:31:14.509" level="INFO">Typing text 'Address 789' into text field 'address'.</msg>
<status status="PASS" starttime="20211223 16:31:14.507" endtime="20211223 16:31:14.603"/>
</kw>
<kw name="Click Button" library="RPA.Browser.Selenium">
<arg>Preview</arg>
<doc>Clicks the button identified by ``locator``.</doc>
<msg timestamp="20211223 16:31:14.606" level="INFO">Clicking button 'Preview'.</msg>
<status status="PASS" starttime="20211223 16:31:14.604" endtime="20211223 16:31:14.661"/>
</kw>
<kw name="Click Button" library="RPA.Browser.Selenium">
<arg>Order</arg>
<doc>Clicks the button identified by ``locator``.</doc>
<msg timestamp="20211223 16:31:14.666" level="INFO">Clicking button 'Order'.</msg>
<status status="PASS" starttime="20211223 16:31:14.663" endtime="20211223 16:31:14.716"/>
</kw>
<kw name="Check if receipt exists">
<kw name="Does Page Contain Element" library="RPA.Browser.Selenium">
<var>${receiptSelector}</var>
<arg>receipt</arg>
<arg>count=${1}</arg>
<doc>Does page contain expected element</doc>
<msg timestamp="20211223 16:31:14.738" level="INFO" html="true">Ran with keyword &lt;b&gt;Page Should Contain Element&lt;/b&gt; which returned error: &lt;i&gt;Page should have contained "1" element(s), but it did contain "0" element(s).&lt;/i&gt;</msg>
<msg timestamp="20211223 16:31:14.739" level="INFO">${receiptSelector} = False</msg>
<status status="PASS" starttime="20211223 16:31:14.720" endtime="20211223 16:31:14.739"/>
</kw>
<if>
<branch type="IF" condition="${receiptSelector} == True">
<kw name="Log" library="BuiltIn">
<arg>True</arg>
<doc>Logs the given message with the given level.</doc>
<status status="NOT RUN" starttime="20211223 16:31:14.743" endtime="20211223 16:31:14.744"/>
</kw>
<status status="NOT RUN" starttime="20211223 16:31:14.741" endtime="20211223 16:31:14.744"/>
</branch>
<branch type="ELSE">
<kw name="Click Button" library="RPA.Browser.Selenium">
<arg>order</arg>
<doc>Clicks the button identified by ``locator``.</doc>
<msg timestamp="20211223 16:31:14.748" level="INFO">Clicking button 'order'.</msg>
<status status="PASS" starttime="20211223 16:31:14.747" endtime="20211223 16:31:14.792"/>
</kw>
<kw name="Check if receipt exists">
<kw name="Does Page Contain Element" library="RPA.Browser.Selenium">
<var>${receiptSelector}</var>
<arg>receipt</arg>
<arg>count=${1}</arg>
<doc>Does page contain expected element</doc>
<msg timestamp="20211223 16:31:14.806" level="INFO">Current page contains 1 element(s).</msg>
<msg timestamp="20211223 16:31:14.806" level="INFO">${receiptSelector} = True</msg>
<status status="PASS" starttime="20211223 16:31:14.795" endtime="20211223 16:31:14.806"/>
</kw>
<if>
<branch type="IF" condition="${receiptSelector} == True">
<kw name="Log" library="BuiltIn">
<arg>True</arg>
<doc>Logs the given message with the given level.</doc>
<msg timestamp="20211223 16:31:14.811" level="INFO">True</msg>
<status status="PASS" starttime="20211223 16:31:14.810" endtime="20211223 16:31:14.811"/>
</kw>
<status status="PASS" starttime="20211223 16:31:14.809" endtime="20211223 16:31:14.812"/>
</branch>
<branch type="ELSE">
<kw name="Click Button" library="RPA.Browser.Selenium">
<arg>order</arg>
<doc>Clicks the button identified by ``locator``.</doc>
<status status="NOT RUN" starttime="20211223 16:31:14.814" endtime="20211223 16:31:14.815"/>
</kw>
<kw name="Check if receipt exists">
<status status="NOT RUN" starttime="20211223 16:31:14.816" endtime="20211223 16:31:14.817"/>
</kw>
<kw name="Log" library="BuiltIn">
<arg>Else</arg>
<doc>Logs the given message with the given level.</doc>
<status status="NOT RUN" starttime="20211223 16:31:14.818" endtime="20211223 16:31:14.819"/>
</kw>
<status status="NOT RUN" starttime="20211223 16:31:14.813" endtime="20211223 16:31:14.819"/>
</branch>
<status status="PASS" starttime="20211223 16:31:14.807" endtime="20211223 16:31:14.820"/>
</if>
<status status="PASS" starttime="20211223 16:31:14.793" endtime="20211223 16:31:14.821"/>
</kw>
<kw name="Log" library="BuiltIn">
<arg>Else</arg>
<doc>Logs the given message with the given level.</doc>
<msg timestamp="20211223 16:31:14.824" level="INFO">Else</msg>
<status status="PASS" starttime="20211223 16:31:14.822" endtime="20211223 16:31:14.824"/>
</kw>
<status status="PASS" starttime="20211223 16:31:14.745" endtime="20211223 16:31:14.825"/>
</branch>
<status status="PASS" starttime="20211223 16:31:14.740" endtime="20211223 16:31:14.826"/>
</if>
<status status="PASS" starttime="20211223 16:31:14.717" endtime="20211223 16:31:14.827"/>
</kw>
<status status="PASS" starttime="20211223 16:31:14.311" endtime="20211223 16:31:14.829"/>
</kw>
<kw name=" Receipt as PDF">
<arg>${orders}</arg>
<kw name="Wait Until Element Is Visible" library="RPA.Browser.Selenium">
<arg>id=receipt</arg>
<doc>Waits until the element ``locator`` is visible.</doc>
<status status="PASS" starttime="20211223 16:31:14.832" endtime="20211223 16:31:14.843"/>
</kw>
<kw name="Get Element Attribute" library="RPA.Browser.Selenium">
<var>${receipt}</var>
<arg>id=receipt</arg>
<arg>outerHTML</arg>
<doc>Returns the value of ``attribute`` from the element ``locator``.</doc>
<msg timestamp="20211223 16:31:14.859" level="INFO">${receipt} = &lt;div id="receipt" class="alert alert-success" role="alert"&gt;&lt;h3&gt;Receipt&lt;/h3&gt;&lt;div&gt;2021-12-23T11:01:14.786Z&lt;/div&gt;&lt;p class="badge badge-success"&gt;RSB-ROBO-ORDER-XLFZIUQBDM&lt;/p&gt;&lt;p&gt;Address 789&lt;/p&gt;&lt;div id="par...</msg>
<status status="PASS" starttime="20211223 16:31:14.843" endtime="20211223 16:31:14.859"/>
</kw>
<kw name="Html To Pdf" library="RPA.PDF">
<arg>${receipt}</arg>
<arg>c:\\Users\\nikhil.vidhate\\Documents\\Robots\\Level2Robot${/}output${/}PDF_Files${/}${orders}[Order number].pdf</arg>
<doc>Generate a PDF file from HTML content.</doc>
<msg timestamp="20211223 16:31:14.859" level="INFO">Writing output to file C:\Users\nikhil.vidhate\Documents\Robots\Level2Robot\output\PDF_Files\3.pdf</msg>
<status status="PASS" starttime="20211223 16:31:14.859" endtime="20211223 16:31:15.081"/>
</kw>
<status status="PASS" starttime="20211223 16:31:14.830" endtime="20211223 16:31:15.081"/>
</kw>
<kw name="Insert robot image into PDF">
<arg>${orders}</arg>
<kw name="Wait Until Element Is Visible" library="RPA.Browser.Selenium">
<arg>id=robot-preview-image</arg>
<arg>timeout=5</arg>
<doc>Waits until the element ``locator`` is visible.</doc>
<status status="PASS" starttime="20211223 16:31:15.081" endtime="20211223 16:31:15.097"/>
</kw>
<kw name="Capture Element Screenshot" library="RPA.Browser.Selenium">
<arg>id=robot-preview-image</arg>
<arg>c:\\Users\\nikhil.vidhate\\Documents\\Robots\\Level2Robot${/}output${/}Robot_image.png</arg>
<doc>Captures a screenshot from the element identified by ``locator`` and embeds it into log file.</doc>
<msg timestamp="20211223 16:31:15.211" level="INFO" html="true">&lt;/td&gt;&lt;/tr&gt;&lt;tr&gt;&lt;td colspan="3"&gt;&lt;a href="file:///C:/Users/nikhil.vidhate/Documents/Robots/Level2Robot/output/Robot_image.png"&gt;&lt;img src="file:///C:/Users/nikhil.vidhate/Documents/Robots/Level2Robot/output/Robot_image.png" width="400px"&gt;&lt;/a&gt;</msg>
<status status="PASS" starttime="20211223 16:31:15.097" endtime="20211223 16:31:15.212"/>
</kw>
<kw name="Create List" library="BuiltIn">
<var>${file}</var>
<arg>c:\\Users\\nikhil.vidhate\\Documents\\Robots\\Level2Robot${/}output${/}Robot_image.png</arg>
<doc>Returns a list containing given items.</doc>
<msg timestamp="20211223 16:31:15.215" level="INFO">${file} = ['c:\\Users\\nikhil.vidhate\\Documents\\Robots\\Level2Robot\\output\\Robot_image.png']</msg>
<status status="PASS" starttime="20211223 16:31:15.213" endtime="20211223 16:31:15.215"/>
</kw>
<kw name="Add Files To Pdf" library="RPA.PDF">
<arg>${file}</arg>
<arg>c:\\Users\\nikhil.vidhate\\Documents\\Robots\\Level2Robot${/}output${/}PDF_Files${/}${orders}[Order number].pdf</arg>
<arg>True</arg>
<doc>Add images and/or pdfs to new PDF document</doc>
<msg timestamp="20211223 16:31:15.225" level="INFO">Adding page: 0</msg>
<msg timestamp="20211223 16:31:15.227" level="INFO">File c:\Users\nikhil.vidhate\Documents\Robots\Level2Robot\output\Robot_image.png type: png</msg>
<msg timestamp="20211223 16:31:15.227" level="INFO">Image parameters: {}</msg>
<status status="PASS" starttime="20211223 16:31:15.216" endtime="20211223 16:31:16.933"/>
</kw>
<status status="PASS" starttime="20211223 16:31:15.081" endtime="20211223 16:31:16.933"/>
</kw>
<kw name="Click Element" library="RPA.Browser.Selenium">
<arg>order-another</arg>
<doc>Click the element identified by ``locator``.</doc>
<msg timestamp="20211223 16:31:16.939" level="INFO">Clicking element 'order-another'.</msg>
<status status="PASS" starttime="20211223 16:31:16.939" endtime="20211223 16:31:17.118"/>
</kw>
<kw name="Click Button" library="RPA.Browser.Selenium">
<arg>OK</arg>
<doc>Clicks the button identified by ``locator``.</doc>
<msg timestamp="20211223 16:31:17.124" level="INFO">Clicking button 'OK'.</msg>
<status status="PASS" starttime="20211223 16:31:17.122" endtime="20211223 16:31:17.181"/>
</kw>
<status status="PASS" starttime="20211223 16:31:14.310" endtime="20211223 16:31:17.182"/>
</iter>
<iter>
<var name="${orders}">{'Order number': '4', 'Head': '2', 'Body': '3', 'Legs': '2', 'Address': 'Address 1'}</var>
<kw name="Fill and submit the form for one order">
<arg>${orders}</arg>
<kw name="Convert To String" library="BuiltIn">
<var>${strHead}</var>
<arg>${orders}[Head]</arg>
<doc>Converts the given item to a Unicode string.</doc>
<msg timestamp="20211223 16:31:17.188" level="INFO">${strHead} = 2</msg>
<status status="PASS" starttime="20211223 16:31:17.186" endtime="20211223 16:31:17.188"/>
</kw>
<kw name="Convert To String" library="BuiltIn">
<var>${strBody}</var>
<arg>${orders}[Body]</arg>
<doc>Converts the given item to a Unicode string.</doc>
<msg timestamp="20211223 16:31:17.192" level="INFO">${strBody} = 3</msg>
<status status="PASS" starttime="20211223 16:31:17.190" endtime="20211223 16:31:17.192"/>
</kw>
<kw name="Select From List By Value" library="RPA.Browser.Selenium">
<arg>head</arg>
<arg>${strHead}</arg>
<doc>Selects options from selection list ``locator`` by ``values``.</doc>
<msg timestamp="20211223 16:31:17.196" level="INFO">Selecting options from selection list 'head' by value 2.</msg>
<status status="PASS" starttime="20211223 16:31:17.194" endtime="20211223 16:31:17.250"/>
</kw>
<kw name="Select Radio Button" library="RPA.Browser.Selenium">
<arg>body</arg>
<arg>id-body-${strBody}</arg>
<doc>Sets the radio button group ``group_name`` to ``value``.</doc>
<msg timestamp="20211223 16:31:17.254" level="INFO">Selecting 'id-body-3' from radio button 'body'.</msg>
<status status="PASS" starttime="20211223 16:31:17.252" endtime="20211223 16:31:17.315"/>
</kw>
<kw name="Input Text" library="RPA.Browser.Selenium">
<arg>//html/body/div/div/div[1]/div/div[1]/form/div[3]/input</arg>
<arg>${orders}[Legs]</arg>
<doc>Types the given ``text`` into the text field identified by ``locator``.</doc>
<msg timestamp="20211223 16:31:17.319" level="INFO">Typing text '2' into text field '//html/body/div/div/div[1]/div/div[1]/form/div[3]/input'.</msg>
<status status="PASS" starttime="20211223 16:31:17.316" endtime="20211223 16:31:17.404"/>
</kw>
<kw name="Input Text" library="RPA.Browser.Selenium">
<arg>address</arg>
<arg>${orders}[Address]</arg>
<doc>Types the given ``text`` into the text field identified by ``locator``.</doc>
<msg timestamp="20211223 16:31:17.407" level="INFO">Typing text 'Address 1' into text field 'address'.</msg>
<status status="PASS" starttime="20211223 16:31:17.405" endtime="20211223 16:31:17.486"/>
</kw>
<kw name="Click Button" library="RPA.Browser.Selenium">
<arg>Preview</arg>
<doc>Clicks the button identified by ``locator``.</doc>
<msg timestamp="20211223 16:31:17.490" level="INFO">Clicking button 'Preview'.</msg>
<status status="PASS" starttime="20211223 16:31:17.487" endtime="20211223 16:31:17.542"/>
</kw>
<kw name="Click Button" library="RPA.Browser.Selenium">
<arg>Order</arg>
<doc>Clicks the button identified by ``locator``.</doc>
<msg timestamp="20211223 16:31:17.545" level="INFO">Clicking button 'Order'.</msg>
<status status="PASS" starttime="20211223 16:31:17.544" endtime="20211223 16:31:17.590"/>
</kw>
<kw name="Check if receipt exists">
<kw name="Does Page Contain Element" library="RPA.Browser.Selenium">
<var>${receiptSelector}</var>
<arg>receipt</arg>
<arg>count=${1}</arg>
<doc>Does page contain expected element</doc>
<msg timestamp="20211223 16:31:17.610" level="INFO" html="true">Ran with keyword &lt;b&gt;Page Should Contain Element&lt;/b&gt; which returned error: &lt;i&gt;Page should have contained "1" element(s), but it did contain "0" element(s).&lt;/i&gt;</msg>
<msg timestamp="20211223 16:31:17.610" level="INFO">${receiptSelector} = False</msg>
<status status="PASS" starttime="20211223 16:31:17.594" endtime="20211223 16:31:17.610"/>
</kw>
<if>
<branch type="IF" condition="${receiptSelector} == True">
<kw name="Log" library="BuiltIn">
<arg>True</arg>
<doc>Logs the given message with the given level.</doc>
<status status="NOT RUN" starttime="20211223 16:31:17.613" endtime="20211223 16:31:17.614"/>
</kw>
<status status="NOT RUN" starttime="20211223 16:31:17.612" endtime="20211223 16:31:17.615"/>
</branch>
<branch type="ELSE">
<kw name="Click Button" library="RPA.Browser.Selenium">
<arg>order</arg>
<doc>Clicks the button identified by ``locator``.</doc>
<msg timestamp="20211223 16:31:17.618" level="INFO">Clicking button 'order'.</msg>
<status status="PASS" starttime="20211223 16:31:17.617" endtime="20211223 16:31:17.658"/>
</kw>
<kw name="Check if receipt exists">
<kw name="Does Page Contain Element" library="RPA.Browser.Selenium">
<var>${receiptSelector}</var>
<arg>receipt</arg>
<arg>count=${1}</arg>
<doc>Does page contain expected element</doc>
<msg timestamp="20211223 16:31:17.679" level="INFO" html="true">Ran with keyword &lt;b&gt;Page Should Contain Element&lt;/b&gt; which returned error: &lt;i&gt;Page should have contained "1" element(s), but it did contain "0" element(s).&lt;/i&gt;</msg>
<msg timestamp="20211223 16:31:17.680" level="INFO">${receiptSelector} = False</msg>
<status status="PASS" starttime="20211223 16:31:17.662" endtime="20211223 16:31:17.680"/>
</kw>
<if>
<branch type="IF" condition="${receiptSelector} == True">
<kw name="Log" library="BuiltIn">
<arg>True</arg>
<doc>Logs the given message with the given level.</doc>
<status status="NOT RUN" starttime="20211223 16:31:17.684" endtime="20211223 16:31:17.684"/>
</kw>
<status status="NOT RUN" starttime="20211223 16:31:17.682" endtime="20211223 16:31:17.685"/>
</branch>
<branch type="ELSE">
<kw name="Click Button" library="RPA.Browser.Selenium">
<arg>order</arg>
<doc>Clicks the button identified by ``locator``.</doc>
<msg timestamp="20211223 16:31:17.688" level="INFO">Clicking button 'order'.</msg>
<status status="PASS" starttime="20211223 16:31:17.687" endtime="20211223 16:31:17.736"/>
</kw>
<kw name="Check if receipt exists">
<kw name="Does Page Contain Element" library="RPA.Browser.Selenium">
<var>${receiptSelector}</var>
<arg>receipt</arg>
<arg>count=${1}</arg>
<doc>Does page contain expected element</doc>
<msg timestamp="20211223 16:31:17.751" level="INFO">Current page contains 1 element(s).</msg>
<msg timestamp="20211223 16:31:17.752" level="INFO">${receiptSelector} = True</msg>
<status status="PASS" starttime="20211223 16:31:17.739" endtime="20211223 16:31:17.752"/>
</kw>
<if>
<branch type="IF" condition="${receiptSelector} == True">
<kw name="Log" library="BuiltIn">
<arg>True</arg>
<doc>Logs the given message with the given level.</doc>
<msg timestamp="20211223 16:31:17.756" level="INFO">True</msg>
<status status="PASS" starttime="20211223 16:31:17.755" endtime="20211223 16:31:17.757"/>
</kw>
<status status="PASS" starttime="20211223 16:31:17.754" endtime="20211223 16:31:17.757"/>
</branch>
<branch type="ELSE">
<kw name="Click Button" library="RPA.Browser.Selenium">
<arg>order</arg>
<doc>Clicks the button identified by ``locator``.</doc>
<status status="NOT RUN" starttime="20211223 16:31:17.760" endtime="20211223 16:31:17.761"/>
</kw>
<kw name="Check if receipt exists">
<status status="NOT RUN" starttime="20211223 16:31:17.762" endtime="20211223 16:31:17.762"/>
</kw>
<kw name="Log" library="BuiltIn">
<arg>Else</arg>
<doc>Logs the given message with the given level.</doc>
<status status="NOT RUN" starttime="20211223 16:31:17.764" endtime="20211223 16:31:17.764"/>
</kw>
<status status="NOT RUN" starttime="20211223 16:31:17.758" endtime="20211223 16:31:17.765"/>
</branch>
<status status="PASS" starttime="20211223 16:31:17.753" endtime="20211223 16:31:17.766"/>
</if>
<status status="PASS" starttime="20211223 16:31:17.737" endtime="20211223 16:31:17.767"/>
</kw>
<kw name="Log" library="BuiltIn">
<arg>Else</arg>
<doc>Logs the given message with the given level.</doc>
<msg timestamp="20211223 16:31:17.769" level="INFO">Else</msg>
<status status="PASS" starttime="20211223 16:31:17.768" endtime="20211223 16:31:17.769"/>
</kw>
<status status="PASS" starttime="20211223 16:31:17.686" endtime="20211223 16:31:17.770"/>
</branch>
<status status="PASS" starttime="20211223 16:31:17.681" endtime="20211223 16:31:17.771"/>
</if>
<status status="PASS" starttime="20211223 16:31:17.660" endtime="20211223 16:31:17.772"/>
</kw>
<kw name="Log" library="BuiltIn">
<arg>Else</arg>
<doc>Logs the given message with the given level.</doc>
<msg timestamp="20211223 16:31:17.774" level="INFO">Else</msg>
<status status="PASS" starttime="20211223 16:31:17.773" endtime="20211223 16:31:17.775"/>
</kw>
<status status="PASS" starttime="20211223 16:31:17.616" endtime="20211223 16:31:17.776"/>
</branch>
<status status="PASS" starttime="20211223 16:31:17.611" endtime="20211223 16:31:17.777"/>
</if>
<status status="PASS" starttime="20211223 16:31:17.592" endtime="20211223 16:31:17.778"/>
</kw>
<status status="PASS" starttime="20211223 16:31:17.184" endtime="20211223 16:31:17.779"/>
</kw>
<kw name=" Receipt as PDF">
<arg>${orders}</arg>
<kw name="Wait Until Element Is Visible" library="RPA.Browser.Selenium">
<arg>id=receipt</arg>
<doc>Waits until the element ``locator`` is visible.</doc>
<status status="PASS" starttime="20211223 16:31:17.782" endtime="20211223 16:31:17.792"/>
</kw>
<kw name="Get Element Attribute" library="RPA.Browser.Selenium">
<var>${receipt}</var>
<arg>id=receipt</arg>
<arg>outerHTML</arg>
<doc>Returns the value of ``attribute`` from the element ``locator``.</doc>
<msg timestamp="20211223 16:31:17.808" level="INFO">${receipt} = &lt;div id="receipt" class="alert alert-success" role="alert"&gt;&lt;h3&gt;Receipt&lt;/h3&gt;&lt;div&gt;2021-12-23T11:01:17.731Z&lt;/div&gt;&lt;p class="badge badge-success"&gt;RSB-ROBO-ORDER-G5V30AURY&lt;/p&gt;&lt;p&gt;Address 1&lt;/p&gt;&lt;div id="parts"...</msg>
<status status="PASS" starttime="20211223 16:31:17.792" endtime="20211223 16:31:17.808"/>
</kw>
<kw name="Html To Pdf" library="RPA.PDF">
<arg>${receipt}</arg>
<arg>c:\\Users\\nikhil.vidhate\\Documents\\Robots\\Level2Robot${/}output${/}PDF_Files${/}${orders}[Order number].pdf</arg>
<doc>Generate a PDF file from HTML content.</doc>
<msg timestamp="20211223 16:31:17.808" level="INFO">Writing output to file C:\Users\nikhil.vidhate\Documents\Robots\Level2Robot\output\PDF_Files\4.pdf</msg>
<status status="PASS" starttime="20211223 16:31:17.808" endtime="20211223 16:31:18.022"/>
</kw>
<status status="PASS" starttime="20211223 16:31:17.780" endtime="20211223 16:31:18.022"/>
</kw>
<kw name="Insert robot image into PDF">
<arg>${orders}</arg>
<kw name="Wait Until Element Is Visible" library="RPA.Browser.Selenium">
<arg>id=robot-preview-image</arg>
<arg>timeout=5</arg>
<doc>Waits until the element ``locator`` is visible.</doc>
<status status="PASS" starttime="20211223 16:31:18.038" endtime="20211223 16:31:18.059"/>
</kw>
<kw name="Capture Element Screenshot" library="RPA.Browser.Selenium">
<arg>id=robot-preview-image</arg>
<arg>c:\\Users\\nikhil.vidhate\\Documents\\Robots\\Level2Robot${/}output${/}Robot_image.png</arg>
<doc>Captures a screenshot from the element identified by ``locator`` and embeds it into log file.</doc>
<msg timestamp="20211223 16:31:18.166" level="INFO" html="true">&lt;/td&gt;&lt;/tr&gt;&lt;tr&gt;&lt;td colspan="3"&gt;&lt;a href="file:///C:/Users/nikhil.vidhate/Documents/Robots/Level2Robot/output/Robot_image.png"&gt;&lt;img src="file:///C:/Users/nikhil.vidhate/Documents/Robots/Level2Robot/output/Robot_image.png" width="400px"&gt;&lt;/a&gt;</msg>
<status status="PASS" starttime="20211223 16:31:18.060" endtime="20211223 16:31:18.166"/>
</kw>
<kw name="Create List" library="BuiltIn">
<var>${file}</var>
<arg>c:\\Users\\nikhil.vidhate\\Documents\\Robots\\Level2Robot${/}output${/}Robot_image.png</arg>
<doc>Returns a list containing given items.</doc>
<msg timestamp="20211223 16:31:18.169" level="INFO">${file} = ['c:\\Users\\nikhil.vidhate\\Documents\\Robots\\Level2Robot\\output\\Robot_image.png']</msg>
<status status="PASS" starttime="20211223 16:31:18.167" endtime="20211223 16:31:18.169"/>
</kw>
<kw name="Add Files To Pdf" library="RPA.PDF">
<arg>${file}</arg>
<arg>c:\\Users\\nikhil.vidhate\\Documents\\Robots\\Level2Robot${/}output${/}PDF_Files${/}${orders}[Order number].pdf</arg>
<arg>True</arg>
<doc>Add images and/or pdfs to new PDF document</doc>
<msg timestamp="20211223 16:31:18.179" level="INFO">Adding page: 0</msg>
<msg timestamp="20211223 16:31:18.180" level="INFO">File c:\Users\nikhil.vidhate\Documents\Robots\Level2Robot\output\Robot_image.png type: png</msg>
<msg timestamp="20211223 16:31:18.180" level="INFO">Image parameters: {}</msg>
<status status="PASS" starttime="20211223 16:31:18.170" endtime="20211223 16:31:19.603"/>
</kw>
<status status="PASS" starttime="20211223 16:31:18.038" endtime="20211223 16:31:19.605"/>
</kw>
<kw name="Click Element" library="RPA.Browser.Selenium">
<arg>order-another</arg>
<doc>Click the element identified by ``locator``.</doc>
<msg timestamp="20211223 16:31:19.605" level="INFO">Clicking element 'order-another'.</msg>
<status status="PASS" starttime="20211223 16:31:19.605" endtime="20211223 16:31:19.783"/>
</kw>
<kw name="Click Button" library="RPA.Browser.Selenium">
<arg>OK</arg>
<doc>Clicks the button identified by ``locator``.</doc>
<msg timestamp="20211223 16:31:19.788" level="INFO">Clicking button 'OK'.</msg>
<status status="PASS" starttime="20211223 16:31:19.785" endtime="20211223 16:31:19.841"/>
</kw>
<status status="PASS" starttime="20211223 16:31:17.183" endtime="20211223 16:31:19.843"/>
</iter>
<iter>
<var name="${orders}">{'Order number': '5', 'Head': '3', 'Body': '5', 'Legs': '1', 'Address': 'Address 2'}</var>
<kw name="Fill and submit the form for one order">
<arg>${orders}</arg>
<kw name="Convert To String" library="BuiltIn">
<var>${strHead}</var>
<arg>${orders}[Head]</arg>
<doc>Converts the given item to a Unicode string.</doc>
<msg timestamp="20211223 16:31:19.860" level="INFO">${strHead} = 3</msg>
<status status="PASS" starttime="20211223 16:31:19.855" endtime="20211223 16:31:19.860"/>
</kw>
<kw name="Convert To String" library="BuiltIn">
<var>${strBody}</var>
<arg>${orders}[Body]</arg>
<doc>Converts the given item to a Unicode string.</doc>
<msg timestamp="20211223 16:31:19.865" level="INFO">${strBody} = 5</msg>
<status status="PASS" starttime="20211223 16:31:19.862" endtime="20211223 16:31:19.865"/>
</kw>
<kw name="Select From List By Value" library="RPA.Browser.Selenium">
<arg>head</arg>
<arg>${strHead}</arg>
<doc>Selects options from selection list ``locator`` by ``values``.</doc>
<msg timestamp="20211223 16:31:19.869" level="INFO">Selecting options from selection list 'head' by value 3.</msg>
<status status="PASS" starttime="20211223 16:31:19.867" endtime="20211223 16:31:19.931"/>
</kw>
<kw name="Select Radio Button" library="RPA.Browser.Selenium">
<arg>body</arg>
<arg>id-body-${strBody}</arg>
<doc>Sets the radio button group ``group_name`` to ``value``.</doc>
<msg timestamp="20211223 16:31:19.934" level="INFO">Selecting 'id-body-5' from radio button 'body'.</msg>
<status status="PASS" starttime="20211223 16:31:19.932" endtime="20211223 16:31:20.002"/>
</kw>
<kw name="Input Text" library="RPA.Browser.Selenium">
<arg>//html/body/div/div/div[1]/div/div[1]/form/div[3]/input</arg>
<arg>${orders}[Legs]</arg>
<doc>Types the given ``text`` into the text field identified by ``locator``.</doc>
<msg timestamp="20211223 16:31:20.007" level="INFO">Typing text '1' into text field '//html/body/div/div/div[1]/div/div[1]/form/div[3]/input'.</msg>
<status status="PASS" starttime="20211223 16:31:20.004" endtime="20211223 16:31:20.073"/>
</kw>
<kw name="Input Text" library="RPA.Browser.Selenium">
<arg>address</arg>
<arg>${orders}[Address]</arg>
<doc>Types the given ``text`` into the text field identified by ``locator``.</doc>
<msg timestamp="20211223 16:31:20.078" level="INFO">Typing text 'Address 2' into text field 'address'.</msg>
<status status="PASS" starttime="20211223 16:31:20.075" endtime="20211223 16:31:20.162"/>
</kw>
<kw name="Click Button" library="RPA.Browser.Selenium">
<arg>Preview</arg>
<doc>Clicks the button identified by ``locator``.</doc>
<msg timestamp="20211223 16:31:20.166" level="INFO">Clicking button 'Preview'.</msg>
<status status="PASS" starttime="20211223 16:31:20.163" endtime="20211223 16:31:20.219"/>
</kw>
<kw name="Click Button" library="RPA.Browser.Selenium">
<arg>Order</arg>
<doc>Clicks the button identified by ``locator``.</doc>
<msg timestamp="20211223 16:31:20.222" level="INFO">Clicking button 'Order'.</msg>
<status status="PASS" starttime="20211223 16:31:20.221" endtime="20211223 16:31:20.276"/>
</kw>
<kw name="Check if receipt exists">
<kw name="Does Page Contain Element" library="RPA.Browser.Selenium">
<var>${receiptSelector}</var>
<arg>receipt</arg>
<arg>count=${1}</arg>
<doc>Does page contain expected element</doc>
<msg timestamp="20211223 16:31:20.291" level="INFO">Current page contains 1 element(s).</msg>
<msg timestamp="20211223 16:31:20.292" level="INFO">${receiptSelector} = True</msg>
<status status="PASS" starttime="20211223 16:31:20.280" endtime="20211223 16:31:20.292"/>
</kw>
<if>
<branch type="IF" condition="${receiptSelector} == True">
<kw name="Log" library="BuiltIn">
<arg>True</arg>
<doc>Logs the given message with the given level.</doc>
<msg timestamp="20211223 16:31:20.297" level="INFO">True</msg>
<status status="PASS" starttime="20211223 16:31:20.295" endtime="20211223 16:31:20.297"/>
</kw>
<status status="PASS" starttime="20211223 16:31:20.294" endtime="20211223 16:31:20.298"/>
</branch>
<branch type="ELSE">
<kw name="Click Button" library="RPA.Browser.Selenium">
<arg>order</arg>
<doc>Clicks the button identified by ``locator``.</doc>
<status status="NOT RUN" starttime="20211223 16:31:20.300" endtime="20211223 16:31:20.301"/>
</kw>
<kw name="Check if receipt exists">
<status status="NOT RUN" starttime="20211223 16:31:20.302" endtime="20211223 16:31:20.302"/>
</kw>
<kw name="Log" library="BuiltIn">
<arg>Else</arg>
<doc>Logs the given message with the given level.</doc>
<status status="NOT RUN" starttime="20211223 16:31:20.304" endtime="20211223 16:31:20.304"/>
</kw>
<status status="NOT RUN" starttime="20211223 16:31:20.299" endtime="20211223 16:31:20.305"/>
</branch>
<status status="PASS" starttime="20211223 16:31:20.293" endtime="20211223 16:31:20.306"/>
</if>
<status status="PASS" starttime="20211223 16:31:20.278" endtime="20211223 16:31:20.307"/>
</kw>
<status status="PASS" starttime="20211223 16:31:19.849" endtime="20211223 16:31:20.310"/>
</kw>
<kw name=" Receipt as PDF">
<arg>${orders}</arg>
<kw name="Wait Until Element Is Visible" library="RPA.Browser.Selenium">
<arg>id=receipt</arg>
<doc>Waits until the element ``locator`` is visible.</doc>
<status status="PASS" starttime="20211223 16:31:20.315" endtime="20211223 16:31:20.333"/>
</kw>
<kw name="Get Element Attribute" library="RPA.Browser.Selenium">
<var>${receipt}</var>
<arg>id=receipt</arg>
<arg>outerHTML</arg>
<doc>Returns the value of ``attribute`` from the element ``locator``.</doc>
<msg timestamp="20211223 16:31:20.349" level="INFO">${receipt} = &lt;div id="receipt" class="alert alert-success" role="alert"&gt;&lt;h3&gt;Receipt&lt;/h3&gt;&lt;div&gt;2021-12-23T11:01:20.269Z&lt;/div&gt;&lt;p class="badge badge-success"&gt;RSB-ROBO-ORDER-9VFT9D1P1P&lt;/p&gt;&lt;p&gt;Address 2&lt;/p&gt;&lt;div id="parts...</msg>
<status status="PASS" starttime="20211223 16:31:20.334" endtime="20211223 16:31:20.349"/>
</kw>
<kw name="Html To Pdf" library="RPA.PDF">
<arg>${receipt}</arg>
<arg>c:\\Users\\nikhil.vidhate\\Documents\\Robots\\Level2Robot${/}output${/}PDF_Files${/}${orders}[Order number].pdf</arg>
<doc>Generate a PDF file from HTML content.</doc>
<msg timestamp="20211223 16:31:20.354" level="INFO">Writing output to file C:\Users\nikhil.vidhate\Documents\Robots\Level2Robot\output\PDF_Files\5.pdf</msg>
<status status="PASS" starttime="20211223 16:31:20.350" endtime="20211223 16:31:20.586"/>
</kw>
<status status="PASS" starttime="20211223 16:31:20.311" endtime="20211223 16:31:20.586"/>
</kw>
<kw name="Insert robot image into PDF">
<arg>${orders}</arg>
<kw name="Wait Until Element Is Visible" library="RPA.Browser.Selenium">
<arg>id=robot-preview-image</arg>
<arg>timeout=5</arg>
<doc>Waits until the element ``locator`` is visible.</doc>
<status status="PASS" starttime="20211223 16:31:20.586" endtime="20211223 16:31:20.618"/>
</kw>
<kw name="Capture Element Screenshot" library="RPA.Browser.Selenium">
<arg>id=robot-preview-image</arg>
<arg>c:\\Users\\nikhil.vidhate\\Documents\\Robots\\Level2Robot${/}output${/}Robot_image.png</arg>
<doc>Captures a screenshot from the element identified by ``locator`` and embeds it into log file.</doc>
<msg timestamp="20211223 16:31:20.743" level="INFO" html="true">&lt;/td&gt;&lt;/tr&gt;&lt;tr&gt;&lt;td colspan="3"&gt;&lt;a href="file:///C:/Users/nikhil.vidhate/Documents/Robots/Level2Robot/output/Robot_image.png"&gt;&lt;img src="file:///C:/Users/nikhil.vidhate/Documents/Robots/Level2Robot/output/Robot_image.png" width="400px"&gt;&lt;/a&gt;</msg>
<status status="PASS" starttime="20211223 16:31:20.618" endtime="20211223 16:31:20.744"/>
</kw>
<kw name="Create List" library="BuiltIn">
<var>${file}</var>
<arg>c:\\Users\\nikhil.vidhate\\Documents\\Robots\\Level2Robot${/}output${/}Robot_image.png</arg>
<doc>Returns a list containing given items.</doc>
<msg timestamp="20211223 16:31:20.747" level="INFO">${file} = ['c:\\Users\\nikhil.vidhate\\Documents\\Robots\\Level2Robot\\output\\Robot_image.png']</msg>
<status status="PASS" starttime="20211223 16:31:20.745" endtime="20211223 16:31:20.747"/>
</kw>
<kw name="Add Files To Pdf" library="RPA.PDF">
<arg>${file}</arg>
<arg>c:\\Users\\nikhil.vidhate\\Documents\\Robots\\Level2Robot${/}output${/}PDF_Files${/}${orders}[Order number].pdf</arg>
<arg>True</arg>
<doc>Add images and/or pdfs to new PDF document</doc>
<msg timestamp="20211223 16:31:20.757" level="INFO">Adding page: 0</msg>
<msg timestamp="20211223 16:31:20.759" level="INFO">File c:\Users\nikhil.vidhate\Documents\Robots\Level2Robot\output\Robot_image.png type: png</msg>
<msg timestamp="20211223 16:31:20.760" level="INFO">Image parameters: {}</msg>
<status status="PASS" starttime="20211223 16:31:20.748" endtime="20211223 16:31:22.290"/>
</kw>
<status status="PASS" starttime="20211223 16:31:20.586" endtime="20211223 16:31:22.290"/>
</kw>
<kw name="Click Element" library="RPA.Browser.Selenium">
<arg>order-another</arg>
<doc>Click the element identified by ``locator``.</doc>
<msg timestamp="20211223 16:31:22.290" level="INFO">Clicking element 'order-another'.</msg>
<status status="PASS" starttime="20211223 16:31:22.290" endtime="20211223 16:31:22.485"/>
</kw>
<kw name="Click Button" library="RPA.Browser.Selenium">
<arg>OK</arg>
<doc>Clicks the button identified by ``locator``.</doc>
<msg timestamp="20211223 16:31:22.489" level="INFO">Clicking button 'OK'.</msg>
<status status="PASS" starttime="20211223 16:31:22.487" endtime="20211223 16:31:22.541"/>
</kw>
<status status="PASS" starttime="20211223 16:31:19.846" endtime="20211223 16:31:22.544"/>
</iter>
<iter>
<var name="${orders}">{'Order number': '6', 'Head': '1', 'Body': '6', 'Legs': '6', 'Address': 'Address 3'}</var>
<kw name="Fill and submit the form for one order">
<arg>${orders}</arg>
<kw name="Convert To String" library="BuiltIn">
<var>${strHead}</var>
<arg>${orders}[Head]</arg>
<doc>Converts the given item to a Unicode string.</doc>
<msg timestamp="20211223 16:31:22.550" level="INFO">${strHead} = 1</msg>
<status status="PASS" starttime="20211223 16:31:22.549" endtime="20211223 16:31:22.551"/>
</kw>
<kw name="Convert To String" library="BuiltIn">
<var>${strBody}</var>
<arg>${orders}[Body]</arg>
<doc>Converts the given item to a Unicode string.</doc>
<msg timestamp="20211223 16:31:22.553" level="INFO">${strBody} = 6</msg>
<status status="PASS" starttime="20211223 16:31:22.552" endtime="20211223 16:31:22.554"/>
</kw>
<kw name="Select From List By Value" library="RPA.Browser.Selenium">
<arg>head</arg>
<arg>${strHead}</arg>
<doc>Selects options from selection list ``locator`` by ``values``.</doc>
<msg timestamp="20211223 16:31:22.556" level="INFO">Selecting options from selection list 'head' by value 1.</msg>
<status status="PASS" starttime="20211223 16:31:22.555" endtime="20211223 16:31:22.615"/>
</kw>
<kw name="Select Radio Button" library="RPA.Browser.Selenium">
<arg>body</arg>
<arg>id-body-${strBody}</arg>
<doc>Sets the radio button group ``group_name`` to ``value``.</doc>
<msg timestamp="20211223 16:31:22.618" level="INFO">Selecting 'id-body-6' from radio button 'body'.</msg>
<status status="PASS" starttime="20211223 16:31:22.616" endtime="20211223 16:31:22.679"/>
</kw>
<kw name="Input Text" library="RPA.Browser.Selenium">
<arg>//html/body/div/div/div[1]/div/div[1]/form/div[3]/input</arg>
<arg>${orders}[Legs]</arg>
<doc>Types the given ``text`` into the text field identified by ``locator``.</doc>
<msg timestamp="20211223 16:31:22.682" level="INFO">Typing text '6' into text field '//html/body/div/div/div[1]/div/div[1]/form/div[3]/input'.</msg>
<status status="PASS" starttime="20211223 16:31:22.681" endtime="20211223 16:31:22.749"/>
</kw>
<kw name="Input Text" library="RPA.Browser.Selenium">
<arg>address</arg>
<arg>${orders}[Address]</arg>
<doc>Types the given ``text`` into the text field identified by ``locator``.</doc>
<msg timestamp="20211223 16:31:22.752" level="INFO">Typing text 'Address 3' into text field 'address'.</msg>
<status status="PASS" starttime="20211223 16:31:22.750" endtime="20211223 16:31:22.828"/>
</kw>
<kw name="Click Button" library="RPA.Browser.Selenium">
<arg>Preview</arg>
<doc>Clicks the button identified by ``locator``.</doc>
<msg timestamp="20211223 16:31:22.831" level="INFO">Clicking button 'Preview'.</msg>
<status status="PASS" starttime="20211223 16:31:22.829" endtime="20211223 16:31:22.880"/>
</kw>
<kw name="Click Button" library="RPA.Browser.Selenium">
<arg>Order</arg>
<doc>Clicks the button identified by ``locator``.</doc>
<msg timestamp="20211223 16:31:22.883" level="INFO">Clicking button 'Order'.</msg>
<status status="PASS" starttime="20211223 16:31:22.881" endtime="20211223 16:31:22.934"/>
</kw>
<kw name="Check if receipt exists">
<kw name="Does Page Contain Element" library="RPA.Browser.Selenium">
<var>${receiptSelector}</var>
<arg>receipt</arg>
<arg>count=${1}</arg>
<doc>Does page contain expected element</doc>
<msg timestamp="20211223 16:31:22.955" level="INFO" html="true">Ran with keyword &lt;b&gt;Page Should Contain Element&lt;/b&gt; which returned error: &lt;i&gt;Page should have contained "1" element(s), but it did contain "0" element(s).&lt;/i&gt;</msg>
<msg timestamp="20211223 16:31:22.955" level="INFO">${receiptSelector} = False</msg>
<status status="PASS" starttime="20211223 16:31:22.937" endtime="20211223 16:31:22.955"/>
</kw>
<if>
<branch type="IF" condition="${receiptSelector} == True">
<kw name="Log" library="BuiltIn">
<arg>True</arg>
<doc>Logs the given message with the given level.</doc>
<status status="NOT RUN" starttime="20211223 16:31:22.959" endtime="20211223 16:31:22.960"/>
</kw>
<status status="NOT RUN" starttime="20211223 16:31:22.957" endtime="20211223 16:31:22.961"/>
</branch>
<branch type="ELSE">
<kw name="Click Button" library="RPA.Browser.Selenium">
<arg>order</arg>
<doc>Clicks the button identified by ``locator``.</doc>
<msg timestamp="20211223 16:31:22.965" level="INFO">Clicking button 'order'.</msg>
<status status="PASS" starttime="20211223 16:31:22.963" endtime="20211223 16:31:23.007"/>
</kw>
<kw name="Check if receipt exists">
<kw name="Does Page Contain Element" library="RPA.Browser.Selenium">
<var>${receiptSelector}</var>
<arg>receipt</arg>
<arg>count=${1}</arg>
<doc>Does page contain expected element</doc>
<msg timestamp="20211223 16:31:23.022" level="INFO">Current page contains 1 element(s).</msg>
<msg timestamp="20211223 16:31:23.022" level="INFO">${receiptSelector} = True</msg>
<status status="PASS" starttime="20211223 16:31:23.011" endtime="20211223 16:31:23.022"/>
</kw>
<if>
<branch type="IF" condition="${receiptSelector} == True">
<kw name="Log" library="BuiltIn">
<arg>True</arg>
<doc>Logs the given message with the given level.</doc>
<msg timestamp="20211223 16:31:23.028" level="INFO">True</msg>
<status status="PASS" starttime="20211223 16:31:23.026" endtime="20211223 16:31:23.028"/>
</kw>
<status status="PASS" starttime="20211223 16:31:23.024" endtime="20211223 16:31:23.029"/>
</branch>
<branch type="ELSE">
<kw name="Click Button" library="RPA.Browser.Selenium">
<arg>order</arg>
<doc>Clicks the button identified by ``locator``.</doc>
<status status="NOT RUN" starttime="20211223 16:31:23.031" endtime="20211223 16:31:23.032"/>
</kw>
<kw name="Check if receipt exists">
<status status="NOT RUN" starttime="20211223 16:31:23.033" endtime="20211223 16:31:23.033"/>
</kw>
<kw name="Log" library="BuiltIn">
<arg>Else</arg>
<doc>Logs the given message with the given level.</doc>
<status status="NOT RUN" starttime="20211223 16:31:23.035" endtime="20211223 16:31:23.035"/>
</kw>
<status status="NOT RUN" starttime="20211223 16:31:23.030" endtime="20211223 16:31:23.036"/>
</branch>
<status status="PASS" starttime="20211223 16:31:23.023" endtime="20211223 16:31:23.037"/>
</if>
<status status="PASS" starttime="20211223 16:31:23.009" endtime="20211223 16:31:23.038"/>
</kw>
<kw name="Log" library="BuiltIn">
<arg>Else</arg>
<doc>Logs the given message with the given level.</doc>
<msg timestamp="20211223 16:31:23.041" level="INFO">Else</msg>
<status status="PASS" starttime="20211223 16:31:23.039" endtime="20211223 16:31:23.041"/>
</kw>
<status status="PASS" starttime="20211223 16:31:22.962" endtime="20211223 16:31:23.042"/>
</branch>
<status status="PASS" starttime="20211223 16:31:22.956" endtime="20211223 16:31:23.043"/>
</if>
<status status="PASS" starttime="20211223 16:31:22.935" endtime="20211223 16:31:23.044"/>
</kw>
<status status="PASS" starttime="20211223 16:31:22.546" endtime="20211223 16:31:23.045"/>
</kw>
<kw name=" Receipt as PDF">
<arg>${orders}</arg>
<kw name="Wait Until Element Is Visible" library="RPA.Browser.Selenium">
<arg>id=receipt</arg>
<doc>Waits until the element ``locator`` is visible.</doc>
<status status="PASS" starttime="20211223 16:31:23.049" endtime="20211223 16:31:23.067"/>
</kw>
<kw name="Get Element Attribute" library="RPA.Browser.Selenium">
<var>${receipt}</var>
<arg>id=receipt</arg>
<arg>outerHTML</arg>
<doc>Returns the value of ``attribute`` from the element ``locator``.</doc>
<msg timestamp="20211223 16:31:23.075" level="INFO">${receipt} = &lt;div id="receipt" class="alert alert-success" role="alert"&gt;&lt;h3&gt;Receipt&lt;/h3&gt;&lt;div&gt;2021-12-23T11:01:23.002Z&lt;/div&gt;&lt;p class="badge badge-success"&gt;RSB-ROBO-ORDER-40J56PSZOS&lt;/p&gt;&lt;p&gt;Address 3&lt;/p&gt;&lt;div id="parts...</msg>
<status status="PASS" starttime="20211223 16:31:23.068" endtime="20211223 16:31:23.075"/>
</kw>
<kw name="Html To Pdf" library="RPA.PDF">
<arg>${receipt}</arg>
<arg>c:\\Users\\nikhil.vidhate\\Documents\\Robots\\Level2Robot${/}output${/}PDF_Files${/}${orders}[Order number].pdf</arg>
<doc>Generate a PDF file from HTML content.</doc>
<msg timestamp="20211223 16:31:23.075" level="INFO">Writing output to file C:\Users\nikhil.vidhate\Documents\Robots\Level2Robot\output\PDF_Files\6.pdf</msg>
<status status="PASS" starttime="20211223 16:31:23.075" endtime="20211223 16:31:23.289"/>
</kw>
<status status="PASS" starttime="20211223 16:31:23.046" endtime="20211223 16:31:23.289"/>
</kw>
<kw name="Insert robot image into PDF">
<arg>${orders}</arg>
<kw name="Wait Until Element Is Visible" library="RPA.Browser.Selenium">
<arg>id=robot-preview-image</arg>
<arg>timeout=5</arg>
<doc>Waits until the element ``locator`` is visible.</doc>
<status status="PASS" starttime="20211223 16:31:23.296" endtime="20211223 16:31:23.312"/>
</kw>
<kw name="Capture Element Screenshot" library="RPA.Browser.Selenium">
<arg>id=robot-preview-image</arg>
<arg>c:\\Users\\nikhil.vidhate\\Documents\\Robots\\Level2Robot${/}output${/}Robot_image.png</arg>
<doc>Captures a screenshot from the element identified by ``locator`` and embeds it into log file.</doc>
<msg timestamp="20211223 16:31:23.416" level="INFO" html="true">&lt;/td&gt;&lt;/tr&gt;&lt;tr&gt;&lt;td colspan="3"&gt;&lt;a href="file:///C:/Users/nikhil.vidhate/Documents/Robots/Level2Robot/output/Robot_image.png"&gt;&lt;img src="file:///C:/Users/nikhil.vidhate/Documents/Robots/Level2Robot/output/Robot_image.png" width="400px"&gt;&lt;/a&gt;</msg>
<status status="PASS" starttime="20211223 16:31:23.312" endtime="20211223 16:31:23.417"/>
</kw>
<kw name="Create List" library="BuiltIn">
<var>${file}</var>
<arg>c:\\Users\\nikhil.vidhate\\Documents\\Robots\\Level2Robot${/}output${/}Robot_image.png</arg>
<doc>Returns a list containing given items.</doc>
<msg timestamp="20211223 16:31:23.419" level="INFO">${file} = ['c:\\Users\\nikhil.vidhate\\Documents\\Robots\\Level2Robot\\output\\Robot_image.png']</msg>
<status status="PASS" starttime="20211223 16:31:23.418" endtime="20211223 16:31:23.420"/>
</kw>
<kw name="Add Files To Pdf" library="RPA.PDF">
<arg>${file}</arg>
<arg>c:\\Users\\nikhil.vidhate\\Documents\\Robots\\Level2Robot${/}output${/}PDF_Files${/}${orders}[Order number].pdf</arg>
<arg>True</arg>
<doc>Add images and/or pdfs to new PDF document</doc>
<msg timestamp="20211223 16:31:23.430" level="INFO">Adding page: 0</msg>
<msg timestamp="20211223 16:31:23.431" level="INFO">File c:\Users\nikhil.vidhate\Documents\Robots\Level2Robot\output\Robot_image.png type: png</msg>
<msg timestamp="20211223 16:31:23.431" level="INFO">Image parameters: {}</msg>
<status status="PASS" starttime="20211223 16:31:23.421" endtime="20211223 16:31:24.530"/>
</kw>
<status status="PASS" starttime="20211223 16:31:23.296" endtime="20211223 16:31:24.530"/>
</kw>
<kw name="Click Element" library="RPA.Browser.Selenium">
<arg>order-another</arg>
<doc>Click the element identified by ``locator``.</doc>
<msg timestamp="20211223 16:31:24.530" level="INFO">Clicking element 'order-another'.</msg>
<status status="PASS" starttime="20211223 16:31:24.530" endtime="20211223 16:31:24.700"/>
</kw>
<kw name="Click Button" library="RPA.Browser.Selenium">
<arg>OK</arg>
<doc>Clicks the button identified by ``locator``.</doc>
<msg timestamp="20211223 16:31:24.705" level="INFO">Clicking button 'OK'.</msg>
<status status="PASS" starttime="20211223 16:31:24.702" endtime="20211223 16:31:24.754"/>
</kw>
<status status="PASS" starttime="20211223 16:31:22.545" endtime="20211223 16:31:24.755"/>
</iter>
<iter>
<var name="${orders}">{'Order number': '7', 'Head': '5', 'Body': '1', 'Legs': '5', 'Address': 'Address 4'}</var>
<kw name="Fill and submit the form for one order">
<arg>${orders}</arg>
<kw name="Convert To String" library="BuiltIn">
<var>${strHead}</var>
<arg>${orders}[Head]</arg>
<doc>Converts the given item to a Unicode string.</doc>
<msg timestamp="20211223 16:31:24.763" level="INFO">${strHead} = 5</msg>
<status status="PASS" starttime="20211223 16:31:24.761" endtime="20211223 16:31:24.763"/>
</kw>
<kw name="Convert To String" library="BuiltIn">
<var>${strBody}</var>
<arg>${orders}[Body]</arg>
<doc>Converts the given item to a Unicode string.</doc>
[...]
<status status="PASS" starttime="20211223 16:31:55.938" endtime="20211223 16:31:55.995"/>
</kw>
<kw name="Input Text" library="RPA.Browser.Selenium">
<arg>//html/body/div/div/div[1]/div/div[1]/form/div[3]/input</arg>
<arg>${orders}[Legs]</arg>
<doc>Types the given ``text`` into the text field identified by ``locator``.</doc>
<msg timestamp="20211223 16:31:55.999" level="INFO">Typing text '2' into text field '//html/body/div/div/div[1]/div/div[1]/form/div[3]/input'.</msg>
<status status="PASS" starttime="20211223 16:31:55.997" endtime="20211223 16:31:56.070"/>
</kw>
<kw name="Input Text" library="RPA.Browser.Selenium">
<arg>address</arg>
<arg>${orders}[Address]</arg>
<doc>Types the given ``text`` into the text field identified by ``locator``.</doc>
<msg timestamp="20211223 16:31:56.075" level="INFO">Typing text 'Address G' into text field 'address'.</msg>
<status status="PASS" starttime="20211223 16:31:56.072" endtime="20211223 16:31:56.156"/>
</kw>
<kw name="Click Button" library="RPA.Browser.Selenium">
<arg>Preview</arg>
<doc>Clicks the button identified by ``locator``.</doc>
<msg timestamp="20211223 16:31:56.159" level="INFO">Clicking button 'Preview'.</msg>
<status status="PASS" starttime="20211223 16:31:56.158" endtime="20211223 16:31:56.216"/>
</kw>
<kw name="Click Button" library="RPA.Browser.Selenium">
<arg>Order</arg>
<doc>Clicks the button identified by ``locator``.</doc>
<msg timestamp="20211223 16:31:56.220" level="INFO">Clicking button 'Order'.</msg>
<status status="PASS" starttime="20211223 16:31:56.218" endtime="20211223 16:31:56.280"/>
</kw>
<kw name="Check if receipt exists">
<kw name="Does Page Contain Element" library="RPA.Browser.Selenium">
<var>${receiptSelector}</var>
<arg>receipt</arg>
<arg>count=${1}</arg>
<doc>Does page contain expected element</doc>
<msg timestamp="20211223 16:31:56.295" level="INFO">Current page contains 1 element(s).</msg>
<msg timestamp="20211223 16:31:56.295" level="INFO">${receiptSelector} = True</msg>
<status status="PASS" starttime="20211223 16:31:56.284" endtime="20211223 16:31:56.296"/>
</kw>
<if>
<branch type="IF" condition="${receiptSelector} == True">
<kw name="Log" library="BuiltIn">
<arg>True</arg>
<doc>Logs the given message with the given level.</doc>
<msg timestamp="20211223 16:31:56.300" level="INFO">True</msg>
<status status="PASS" starttime="20211223 16:31:56.299" endtime="20211223 16:31:56.300"/>
</kw>
<status status="PASS" starttime="20211223 16:31:56.297" endtime="20211223 16:31:56.301"/>
</branch>
<branch type="ELSE">
<kw name="Click Button" library="RPA.Browser.Selenium">
<arg>order</arg>
<doc>Clicks the button identified by ``locator``.</doc>
<status status="NOT RUN" starttime="20211223 16:31:56.303" endtime="20211223 16:31:56.304"/>
</kw>
<kw name="Check if receipt exists">
<status status="NOT RUN" starttime="20211223 16:31:56.305" endtime="20211223 16:31:56.306"/>
</kw>
<kw name="Log" library="BuiltIn">
<arg>Else</arg>
<doc>Logs the given message with the given level.</doc>
<status status="NOT RUN" starttime="20211223 16:31:56.307" endtime="20211223 16:31:56.308"/>
</kw>
<status status="NOT RUN" starttime="20211223 16:31:56.302" endtime="20211223 16:31:56.309"/>
</branch>
<status status="PASS" starttime="20211223 16:31:56.296" endtime="20211223 16:31:56.310"/>
</if>
<status status="PASS" starttime="20211223 16:31:56.281" endtime="20211223 16:31:56.311"/>
</kw>
<status status="PASS" starttime="20211223 16:31:55.865" endtime="20211223 16:31:56.312"/>
</kw>
<kw name=" Receipt as PDF">
<arg>${orders}</arg>
<kw name="Wait Until Element Is Visible" library="RPA.Browser.Selenium">
<arg>id=receipt</arg>
<doc>Waits until the element ``locator`` is visible.</doc>
<status status="PASS" starttime="20211223 16:31:56.316" endtime="20211223 16:31:56.325"/>
</kw>
<kw name="Get Element Attribute" library="RPA.Browser.Selenium">
<var>${receipt}</var>
<arg>id=receipt</arg>
<arg>outerHTML</arg>
<doc>Returns the value of ``attribute`` from the element ``locator``.</doc>
<msg timestamp="20211223 16:31:56.340" level="INFO">${receipt} = &lt;div id="receipt" class="alert alert-success" role="alert"&gt;&lt;h3&gt;Receipt&lt;/h3&gt;&lt;div&gt;2021-12-23T11:01:56.272Z&lt;/div&gt;&lt;p class="badge badge-success"&gt;RSB-ROBO-ORDER-2DVACRGCOP&lt;/p&gt;&lt;p&gt;Address G&lt;/p&gt;&lt;div id="parts...</msg>
<status status="PASS" starttime="20211223 16:31:56.325" endtime="20211223 16:31:56.340"/>
</kw>
<kw name="Html To Pdf" library="RPA.PDF">
<arg>${receipt}</arg>
<arg>c:\\Users\\nikhil.vidhate\\Documents\\Robots\\Level2Robot${/}output${/}PDF_Files${/}${orders}[Order number].pdf</arg>
<doc>Generate a PDF file from HTML content.</doc>
<msg timestamp="20211223 16:31:56.356" level="INFO">Writing output to file C:\Users\nikhil.vidhate\Documents\Robots\Level2Robot\output\PDF_Files\19.pdf</msg>
<status status="PASS" starttime="20211223 16:31:56.340" endtime="20211223 16:31:56.550"/>
</kw>
<status status="PASS" starttime="20211223 16:31:56.313" endtime="20211223 16:31:56.550"/>
</kw>
<kw name="Insert robot image into PDF">
<arg>${orders}</arg>
<kw name="Wait Until Element Is Visible" library="RPA.Browser.Selenium">
<arg>id=robot-preview-image</arg>
<arg>timeout=5</arg>
<doc>Waits until the element ``locator`` is visible.</doc>
<status status="PASS" starttime="20211223 16:31:56.550" endtime="20211223 16:31:56.581"/>
</kw>
<kw name="Capture Element Screenshot" library="RPA.Browser.Selenium">
<arg>id=robot-preview-image</arg>
<arg>c:\\Users\\nikhil.vidhate\\Documents\\Robots\\Level2Robot${/}output${/}Robot_image.png</arg>
<doc>Captures a screenshot from the element identified by ``locator`` and embeds it into log file.</doc>
<msg timestamp="20211223 16:31:56.684" level="INFO" html="true">&lt;/td&gt;&lt;/tr&gt;&lt;tr&gt;&lt;td colspan="3"&gt;&lt;a href="file:///C:/Users/nikhil.vidhate/Documents/Robots/Level2Robot/output/Robot_image.png"&gt;&lt;img src="file:///C:/Users/nikhil.vidhate/Documents/Robots/Level2Robot/output/Robot_image.png" width="400px"&gt;&lt;/a&gt;</msg>
<status status="PASS" starttime="20211223 16:31:56.582" endtime="20211223 16:31:56.685"/>
</kw>
<kw name="Create List" library="BuiltIn">
<var>${file}</var>
<arg>c:\\Users\\nikhil.vidhate\\Documents\\Robots\\Level2Robot${/}output${/}Robot_image.png</arg>
<doc>Returns a list containing given items.</doc>
<msg timestamp="20211223 16:31:56.688" level="INFO">${file} = ['c:\\Users\\nikhil.vidhate\\Documents\\Robots\\Level2Robot\\output\\Robot_image.png']</msg>
<status status="PASS" starttime="20211223 16:31:56.686" endtime="20211223 16:31:56.688"/>
</kw>
<kw name="Add Files To Pdf" library="RPA.PDF">
<arg>${file}</arg>
<arg>c:\\Users\\nikhil.vidhate\\Documents\\Robots\\Level2Robot${/}output${/}PDF_Files${/}${orders}[Order number].pdf</arg>
<arg>True</arg>
<doc>Add images and/or pdfs to new PDF document</doc>
<msg timestamp="20211223 16:31:56.698" level="INFO">Adding page: 0</msg>
<msg timestamp="20211223 16:31:56.699" level="INFO">File c:\Users\nikhil.vidhate\Documents\Robots\Level2Robot\output\Robot_image.png type: png</msg>
<msg timestamp="20211223 16:31:56.699" level="INFO">Image parameters: {}</msg>
<status status="PASS" starttime="20211223 16:31:56.689" endtime="20211223 16:31:57.907"/>
</kw>
<status status="PASS" starttime="20211223 16:31:56.550" endtime="20211223 16:31:57.907"/>
</kw>
<kw name="Click Element" library="RPA.Browser.Selenium">
<arg>order-another</arg>
<doc>Click the element identified by ``locator``.</doc>
<msg timestamp="20211223 16:31:57.907" level="INFO">Clicking element 'order-another'.</msg>
<status status="PASS" starttime="20211223 16:31:57.907" endtime="20211223 16:31:58.094"/>
</kw>
<kw name="Click Button" library="RPA.Browser.Selenium">
<arg>OK</arg>
<doc>Clicks the button identified by ``locator``.</doc>
<msg timestamp="20211223 16:31:58.099" level="INFO">Clicking button 'OK'.</msg>
<status status="PASS" starttime="20211223 16:31:58.096" endtime="20211223 16:31:58.152"/>
</kw>
<status status="PASS" starttime="20211223 16:31:55.864" endtime="20211223 16:31:58.153"/>
</iter>
<iter>
<var name="${orders}">{'Order number': '20', 'Head': '1', 'Body': '1', 'Legs': '5', 'Address': 'Address H'}</var>
<kw name="Fill and submit the form for one order">
<arg>${orders}</arg>
<kw name="Convert To String" library="BuiltIn">
<var>${strHead}</var>
<arg>${orders}[Head]</arg>
<doc>Converts the given item to a Unicode string.</doc>
<msg timestamp="20211223 16:31:58.162" level="INFO">${strHead} = 1</msg>
<status status="PASS" starttime="20211223 16:31:58.160" endtime="20211223 16:31:58.162"/>
</kw>
<kw name="Convert To String" library="BuiltIn">
<var>${strBody}</var>
<arg>${orders}[Body]</arg>
<doc>Converts the given item to a Unicode string.</doc>
<msg timestamp="20211223 16:31:58.165" level="INFO">${strBody} = 1</msg>
<status status="PASS" starttime="20211223 16:31:58.163" endtime="20211223 16:31:58.165"/>
</kw>
<kw name="Select From List By Value" library="RPA.Browser.Selenium">
<arg>head</arg>
<arg>${strHead}</arg>
<doc>Selects options from selection list ``locator`` by ``values``.</doc>
<msg timestamp="20211223 16:31:58.168" level="INFO">Selecting options from selection list 'head' by value 1.</msg>
<status status="PASS" starttime="20211223 16:31:58.166" endtime="20211223 16:31:58.227"/>
</kw>
<kw name="Select Radio Button" library="RPA.Browser.Selenium">
<arg>body</arg>
<arg>id-body-${strBody}</arg>
<doc>Sets the radio button group ``group_name`` to ``value``.</doc>
<msg timestamp="20211223 16:31:58.230" level="INFO">Selecting 'id-body-1' from radio button 'body'.</msg>
<status status="PASS" starttime="20211223 16:31:58.229" endtime="20211223 16:31:58.285"/>
</kw>
<kw name="Input Text" library="RPA.Browser.Selenium">
<arg>//html/body/div/div/div[1]/div/div[1]/form/div[3]/input</arg>
<arg>${orders}[Legs]</arg>
<doc>Types the given ``text`` into the text field identified by ``locator``.</doc>
<msg timestamp="20211223 16:31:58.289" level="INFO">Typing text '5' into text field '//html/body/div/div/div[1]/div/div[1]/form/div[3]/input'.</msg>
<status status="PASS" starttime="20211223 16:31:58.287" endtime="20211223 16:31:58.365"/>
</kw>
<kw name="Input Text" library="RPA.Browser.Selenium">
<arg>address</arg>
<arg>${orders}[Address]</arg>
<doc>Types the given ``text`` into the text field identified by ``locator``.</doc>
<msg timestamp="20211223 16:31:58.369" level="INFO">Typing text 'Address H' into text field 'address'.</msg>
<status status="PASS" starttime="20211223 16:31:58.367" endtime="20211223 16:31:58.452"/>
</kw>
<kw name="Click Button" library="RPA.Browser.Selenium">
<arg>Preview</arg>
<doc>Clicks the button identified by ``locator``.</doc>
<msg timestamp="20211223 16:31:58.455" level="INFO">Clicking button 'Preview'.</msg>
<status status="PASS" starttime="20211223 16:31:58.454" endtime="20211223 16:31:58.517"/>
</kw>
<kw name="Click Button" library="RPA.Browser.Selenium">
<arg>Order</arg>
<doc>Clicks the button identified by ``locator``.</doc>
<msg timestamp="20211223 16:31:58.522" level="INFO">Clicking button 'Order'.</msg>
<status status="PASS" starttime="20211223 16:31:58.520" endtime="20211223 16:31:58.582"/>
</kw>
<kw name="Check if receipt exists">
<kw name="Does Page Contain Element" library="RPA.Browser.Selenium">
<var>${receiptSelector}</var>
<arg>receipt</arg>
<arg>count=${1}</arg>
<doc>Does page contain expected element</doc>
<msg timestamp="20211223 16:31:58.597" level="INFO">Current page contains 1 element(s).</msg>
<msg timestamp="20211223 16:31:58.598" level="INFO">${receiptSelector} = True</msg>
<status status="PASS" starttime="20211223 16:31:58.585" endtime="20211223 16:31:58.598"/>
</kw>
<if>
<branch type="IF" condition="${receiptSelector} == True">
<kw name="Log" library="BuiltIn">
<arg>True</arg>
<doc>Logs the given message with the given level.</doc>
<msg timestamp="20211223 16:31:58.602" level="INFO">True</msg>
<status status="PASS" starttime="20211223 16:31:58.601" endtime="20211223 16:31:58.603"/>
</kw>
<status status="PASS" starttime="20211223 16:31:58.600" endtime="20211223 16:31:58.604"/>
</branch>
<branch type="ELSE">
<kw name="Click Button" library="RPA.Browser.Selenium">
<arg>order</arg>
<doc>Clicks the button identified by ``locator``.</doc>
<status status="NOT RUN" starttime="20211223 16:31:58.606" endtime="20211223 16:31:58.607"/>
</kw>
<kw name="Check if receipt exists">
<status status="NOT RUN" starttime="20211223 16:31:58.608" endtime="20211223 16:31:58.609"/>
</kw>
<kw name="Log" library="BuiltIn">
<arg>Else</arg>
<doc>Logs the given message with the given level.</doc>
<status status="NOT RUN" starttime="20211223 16:31:58.610" endtime="20211223 16:31:58.611"/>
</kw>
<status status="NOT RUN" starttime="20211223 16:31:58.605" endtime="20211223 16:31:58.612"/>
</branch>
<status status="PASS" starttime="20211223 16:31:58.599" endtime="20211223 16:31:58.613"/>
</if>
<status status="PASS" starttime="20211223 16:31:58.583" endtime="20211223 16:31:58.614"/>
</kw>
<status status="PASS" starttime="20211223 16:31:58.156" endtime="20211223 16:31:58.615"/>
</kw>
<kw name=" Receipt as PDF">
<arg>${orders}</arg>
<kw name="Wait Until Element Is Visible" library="RPA.Browser.Selenium">
<arg>id=receipt</arg>
<doc>Waits until the element ``locator`` is visible.</doc>
<status status="PASS" starttime="20211223 16:31:58.619" endtime="20211223 16:31:58.638"/>
</kw>
<kw name="Get Element Attribute" library="RPA.Browser.Selenium">
<var>${receipt}</var>
<arg>id=receipt</arg>
<arg>outerHTML</arg>
<doc>Returns the value of ``attribute`` from the element ``locator``.</doc>
<msg timestamp="20211223 16:31:58.640" level="INFO">${receipt} = &lt;div id="receipt" class="alert alert-success" role="alert"&gt;&lt;h3&gt;Receipt&lt;/h3&gt;&lt;div&gt;2021-12-23T11:01:58.575Z&lt;/div&gt;&lt;p class="badge badge-success"&gt;RSB-ROBO-ORDER-40EQ5VOKK&lt;/p&gt;&lt;p&gt;Address H&lt;/p&gt;&lt;div id="parts"...</msg>
<status status="PASS" starttime="20211223 16:31:58.639" endtime="20211223 16:31:58.640"/>
</kw>
<kw name="Html To Pdf" library="RPA.PDF">
<arg>${receipt}</arg>
<arg>c:\\Users\\nikhil.vidhate\\Documents\\Robots\\Level2Robot${/}output${/}PDF_Files${/}${orders}[Order number].pdf</arg>
<doc>Generate a PDF file from HTML content.</doc>
<msg timestamp="20211223 16:31:58.656" level="INFO">Writing output to file C:\Users\nikhil.vidhate\Documents\Robots\Level2Robot\output\PDF_Files\20.pdf</msg>
<status status="PASS" starttime="20211223 16:31:58.656" endtime="20211223 16:31:58.858"/>
</kw>
<status status="PASS" starttime="20211223 16:31:58.616" endtime="20211223 16:31:58.858"/>
</kw>
<kw name="Insert robot image into PDF">
<arg>${orders}</arg>
<kw name="Wait Until Element Is Visible" library="RPA.Browser.Selenium">
<arg>id=robot-preview-image</arg>
<arg>timeout=5</arg>
<doc>Waits until the element ``locator`` is visible.</doc>
<status status="PASS" starttime="20211223 16:31:58.858" endtime="20211223 16:31:58.873"/>
</kw>
<kw name="Capture Element Screenshot" library="RPA.Browser.Selenium">
<arg>id=robot-preview-image</arg>
<arg>c:\\Users\\nikhil.vidhate\\Documents\\Robots\\Level2Robot${/}output${/}Robot_image.png</arg>
<doc>Captures a screenshot from the element identified by ``locator`` and embeds it into log file.</doc>
<msg timestamp="20211223 16:31:58.985" level="INFO" html="true">&lt;/td&gt;&lt;/tr&gt;&lt;tr&gt;&lt;td colspan="3"&gt;&lt;a href="file:///C:/Users/nikhil.vidhate/Documents/Robots/Level2Robot/output/Robot_image.png"&gt;&lt;img src="file:///C:/Users/nikhil.vidhate/Documents/Robots/Level2Robot/output/Robot_image.png" width="400px"&gt;&lt;/a&gt;</msg>
<status status="PASS" starttime="20211223 16:31:58.889" endtime="20211223 16:31:58.985"/>
</kw>
<kw name="Create List" library="BuiltIn">
<var>${file}</var>
<arg>c:\\Users\\nikhil.vidhate\\Documents\\Robots\\Level2Robot${/}output${/}Robot_image.png</arg>
<doc>Returns a list containing given items.</doc>
<msg timestamp="20211223 16:31:58.988" level="INFO">${file} = ['c:\\Users\\nikhil.vidhate\\Documents\\Robots\\Level2Robot\\output\\Robot_image.png']</msg>
<status status="PASS" starttime="20211223 16:31:58.986" endtime="20211223 16:31:58.988"/>
</kw>
<kw name="Add Files To Pdf" library="RPA.PDF">
<arg>${file}</arg>
<arg>c:\\Users\\nikhil.vidhate\\Documents\\Robots\\Level2Robot${/}output${/}PDF_Files${/}${orders}[Order number].pdf</arg>
<arg>True</arg>
<doc>Add images and/or pdfs to new PDF document</doc>
<msg timestamp="20211223 16:31:58.996" level="INFO">Adding page: 0</msg>
<msg timestamp="20211223 16:31:58.997" level="INFO">File c:\Users\nikhil.vidhate\Documents\Robots\Level2Robot\output\Robot_image.png type: png</msg>
<msg timestamp="20211223 16:31:58.997" level="INFO">Image parameters: {}</msg>
<status status="PASS" starttime="20211223 16:31:58.990" endtime="20211223 16:32:00.261"/>
</kw>
<status status="PASS" starttime="20211223 16:31:58.858" endtime="20211223 16:32:00.261"/>
</kw>
<kw name="Click Element" library="RPA.Browser.Selenium">
<arg>order-another</arg>
<doc>Click the element identified by ``locator``.</doc>
<msg timestamp="20211223 16:32:00.261" level="INFO">Clicking element 'order-another'.</msg>
<status status="PASS" starttime="20211223 16:32:00.261" endtime="20211223 16:32:00.459"/>
</kw>
<kw name="Click Button" library="RPA.Browser.Selenium">
<arg>OK</arg>
<doc>Clicks the button identified by ``locator``.</doc>
<msg timestamp="20211223 16:32:00.463" level="INFO">Clicking button 'OK'.</msg>
<status status="PASS" starttime="20211223 16:32:00.461" endtime="20211223 16:32:00.514"/>
</kw>
<status status="PASS" starttime="20211223 16:31:58.154" endtime="20211223 16:32:00.515"/>
</iter>
<status status="PASS" starttime="20211223 16:31:08.851" endtime="20211223 16:32:00.517"/>
</for>
<status status="PASS" starttime="20211223 16:31:08.833" endtime="20211223 16:32:00.519"/>
</kw>
<kw name="Create ZIP">
<kw name="Archive Folder With Zip" library="RPA.Archive">
<arg>c:\\Users\\nikhil.vidhate\\Documents\\Robots\\Level2Robot${/}output${/}PDF_Files</arg>
<arg>c:\\Users\\nikhil.vidhate\\Documents\\Robots\\Level2Robot${/}output${/}PDF_Files.zip</arg>
<doc>Create a zip archive of a folder</doc>
<status status="PASS" starttime="20211223 16:32:11.753" endtime="20211223 16:32:13.768"/>
</kw>
<status status="PASS" starttime="20211223 16:32:00.520" endtime="20211223 16:32:13.770"/>
</kw>
<kw name="Logout and Close the Browser">
<kw name="Click Button" library="RPA.Browser.Selenium">
<arg>logout</arg>
<doc>Clicks the button identified by ``locator``.</doc>
<msg timestamp="20211223 16:32:18.776" level="INFO">Clicking button 'logout'.</msg>
<status status="PASS" starttime="20211223 16:32:16.841" endtime="20211223 16:32:18.833"/>
</kw>
<kw name="Close Browser" library="RPA.Browser.Selenium">
<doc>Closes the current browser.</doc>
<status status="PASS" starttime="20211223 16:32:18.835" endtime="20211223 16:32:22.519"/>
</kw>
<status status="PASS" starttime="20211223 16:32:13.771" endtime="20211223 16:32:22.519"/>
</kw>
<status status="PASS" starttime="20211223 16:30:58.708" endtime="20211223 16:32:22.523"/>
</test>
<doc>Orders robots from RobotSpareBin Industries Inc.
Saves the order HTML receipts as a PDF file.
Saves the screenshot of the ordered robot.
Embeds screenshot of the robot to the PDF receipt.
Creates ZIP archive of the receipts and images.</doc>
<status status="PASS" starttime="20211223 16:30:54.858" endtime="20211223 16:32:22.528"/>
</suite>
<statistics>
<total>
<stat pass="1" fail="0" skip="0">All Tasks</stat>
</total>
<tag>
</tag>
<suite>
<stat pass="1" fail="0" skip="0" id="s1" name="Tasks">Tasks</stat>
</suite>
</statistics>
<errors>
</errors>
</robot>
